=====================================================================================
Program: bin/lcs_oblivious
m = 131072, n = 131072
Runs = 1, base case = 2048

RUN 1 RESULTS
Time:
  Wall time:               306.0818 seconds (0h 5m 6s)
  User time:               146.4203 seconds (0h 2m 26s)
  System time:             26.5241 seconds (0h 0m 27s)
  Total time:              172.9444 seconds (0h 2m 53s)
Process I/O:
  Characters read:                 289581
  Characters written:                 411
  Read syscalls:                      108
  Write syscalls:                      14
  Bytes read:                  2818666496 (2688.1 MB)
  Bytes written:                     8192 (0.0 MB)
Disk I/O (sdc swap):
  Read operations:                2631504
  Read operations merged:          129001
  Sectors read:                  22084040 (10783.2 MB)
  Read time:                       547481 ms
  Write operations:                618969
  Write operations merged:        1663364
  Sectors written:               18258664 (8915.4 MB)
  Write time:                     1682408 ms
  I/Os (sectors read/written):   40342704
Memory Usage:
  Total (virtual):             6523 pages (25.5 MB)
  Resident (RSS):              1536 pages (6.0 MB)
  Shared:                       544 pages (2.1 MB)
  Text (code):                    6 pages (0.0 MB)
  Library:                        0 pages (0.0 MB)
  Data + stack:                5703 pages (22.3 MB)
  Dirty pages:                    0 pages (0.0 MB)
  Minor page faults:         786190 (soft faults)
  Major page faults:            254 (hard faults)

FINAL RESULTS
LCS Length: 42705
Overall execution time:
  User time:               146.4203 seconds (0h 2m 26s)
  System time:             26.5241 seconds (0h 0m 27s)
  Total time:              172.9444 seconds (0h 2m 53s)
Average per run:
  User time:               146.4203 seconds (0h 2m 26s)
  System time:             26.5241 seconds (0h 0m 27s)
  Total time:              172.9444 seconds (0h 2m 53s)
