=====================================================================================
Program: ./bin/lcs_oblivious
m = 32768, n = 32768
Runs = 1, base case = 256

RUN 1 RESULTS
Time:
  Wall time:               5.2318 seconds (0h 0m 5s)
  User time:               5.1212 seconds (0h 0m 5s)
  System time:             0.0080 seconds (0h 0m 0s)
  Total time:              5.1292 seconds (0h 0m 5s)
Process I/O:
  Characters read:                  93075
  Characters written:                 400
  Read syscalls:                       60
  Write syscalls:                      14
  Bytes read:                     1269760 (1.2 MB)
  Bytes written:                     8192 (0.0 MB)
Disk I/O (sdc swap):
  Read operations:                    319
  Read operations merged:             740
  Sectors read:                      8472 (4.1 MB)
  Read time:                          309 ms
  Write operations:                    44
  Write operations merged:           1405
  Sectors written:                  11592 (5.7 MB)
  Write time:                          94 ms
  I/Os (sectors read/written):      20064
Memory Usage:
  Total (virtual):             1332 pages (5.2 MB)
  Resident (RSS):               768 pages (3.0 MB)
  Shared:                       512 pages (2.0 MB)
  Text (code):                    4 pages (0.0 MB)
  Library:                        0 pages (0.0 MB)
  Data + stack:                 512 pages (2.0 MB)
  Dirty pages:                    0 pages (0.0 MB)
  Minor page faults:            706 (soft faults)
  Major page faults:              3 (hard faults)

FINAL RESULTS
LCS Length: 10627
Overall execution time:
  User time:               5.1212 seconds (0h 0m 5s)
  System time:             0.0080 seconds (0h 0m 0s)
  Total time:              5.1292 seconds (0h 0m 5s)
Average per run:
  User time:               5.1212 seconds (0h 0m 5s)
  System time:             0.0080 seconds (0h 0m 0s)
  Total time:              5.1292 seconds (0h 0m 5s)
