=====================================================================================
Program: ./bin/lcs_hirschberg
m = 32768, n = 32768
Runs = 1, base case = 256

RUN 1 RESULTS
Time:
  Wall time:               9.8591 seconds (0h 0m 10s)
  User time:               9.8587 seconds (0h 0m 10s)
  System time:             0.0053 seconds (0h 0m 0s)
  Total time:              9.8641 seconds (0h 0m 10s)
Process I/O:
  Characters read:                  93074
  Characters written:                 404
  Read syscalls:                       60
  Write syscalls:                      14
  Bytes read:                      696320 (0.7 MB)
  Bytes written:                     8192 (0.0 MB)
Disk I/O (sdc swap):
  Read operations:                     27
  Read operations merged:              25
  Sectors read:                       416 (0.2 MB)
  Read time:                           67 ms
  Write operations:                     6
  Write operations merged:            655
  Sectors written:                   5288 (2.6 MB)
  Write time:                          34 ms
  I/Os (sectors read/written):       5704
Memory Usage:
  Total (virtual):             1148 pages (4.5 MB)
  Resident (RSS):               672 pages (2.6 MB)
  Shared:                       512 pages (2.0 MB)
  Text (code):                    4 pages (0.0 MB)
  Library:                        0 pages (0.0 MB)
  Data + stack:                 328 pages (1.3 MB)
  Dirty pages:                    0 pages (0.0 MB)
  Minor page faults:            305 (soft faults)
  Major page faults:              2 (hard faults)

FINAL RESULTS
LCS Length: 10627
Overall execution time:
  User time:               9.8587 seconds (0h 0m 10s)
  System time:             0.0053 seconds (0h 0m 0s)
  Total time:              9.8641 seconds (0h 0m 10s)
Average per run:
  User time:               9.8587 seconds (0h 0m 10s)
  System time:             0.0053 seconds (0h 0m 0s)
  Total time:              9.8641 seconds (0h 0m 10s)
