=====================================================================================
Program: bin/lcs_oblivious
m = 65536, n = 65536
Runs = 1, base case = 2048

RUN 1 RESULTS
Time:
  Wall time:               105.5214 seconds (0h 1m 46s)
  User time:               37.8121 seconds (0h 0m 38s)
  System time:             12.1007 seconds (0h 0m 12s)
  Total time:              49.9129 seconds (0h 0m 50s)
Process I/O:
  Characters read:                 158504
  Characters written:                 408
  Read syscalls:                       76
  Write syscalls:                      14
  Bytes read:                  1278074880 (1218.9 MB)
  Bytes written:                     8192 (0.0 MB)
Disk I/O (sdc swap):
  Read operations:                1208398
  Read operations merged:           39966
  Sectors read:                   9986912 (4876.4 MB)
  Read time:                       243278 ms
  Write operations:                271495
  Write operations merged:         748623
  Sectors written:                8160944 (3984.8 MB)
  Write time:                      861015 ms
  I/Os (sectors read/written):   18147856
Memory Usage:
  Total (virtual):             5768 pages (22.5 MB)
  Resident (RSS):              1632 pages (6.4 MB)
  Shared:                       544 pages (2.1 MB)
  Text (code):                    6 pages (0.0 MB)
  Library:                        0 pages (0.0 MB)
  Data + stack:                4948 pages (19.3 MB)
  Dirty pages:                    0 pages (0.0 MB)
  Minor page faults:         349627 (soft faults)
  Major page faults:            113 (hard faults)

FINAL RESULTS
LCS Length: 21269
Overall execution time:
  User time:               37.8121 seconds (0h 0m 38s)
  System time:             12.1007 seconds (0h 0m 12s)
  Total time:              49.9129 seconds (0h 0m 50s)
Average per run:
  User time:               37.8121 seconds (0h 0m 38s)
  System time:             12.1007 seconds (0h 0m 12s)
  Total time:              49.9129 seconds (0h 0m 50s)
