=====================================================================================
Program: ./bin/lcs_oblivious
m = 131072, n = 131072
Runs = 1, base case = 256

RUN 1 RESULTS
Time:
  Wall time:               78.8664 seconds (0h 1m 19s)
  User time:               89.7273 seconds (0h 1m 30s)
  System time:             0.1196 seconds (0h 0m 0s)
  Total time:              89.8469 seconds (0h 1m 30s)
Process I/O:
  Characters read:                 289721
  Characters written:                 408
  Read syscalls:                      108
  Write syscalls:                      14
  Bytes read:                    17326080 (16.5 MB)
  Bytes written:                     8192 (0.0 MB)
Disk I/O (sdc swap):
  Read operations:                   5838
  Read operations merged:           11753
  Sectors read:                    140728 (68.7 MB)
  Read time:                         5619 ms
  Write operations:                  2097
  Write operations merged:          12531
  Sectors written:                 117024 (57.1 MB)
  Write time:                        3860 ms
  I/Os (sectors read/written):     257752
Memory Usage:
  Total (virtual):             2487 pages (9.7 MB)
  Resident (RSS):               928 pages (3.6 MB)
  Shared:                       480 pages (1.9 MB)
  Text (code):                    4 pages (0.0 MB)
  Library:                        0 pages (0.0 MB)
  Data + stack:                1667 pages (6.5 MB)
  Dirty pages:                    0 pages (0.0 MB)
  Minor page faults:           5889 (soft faults)
  Major page faults:              5 (hard faults)

FINAL RESULTS
LCS Length: 42705
Overall execution time:
  User time:               89.7273 seconds (0h 1m 30s)
  System time:             0.1196 seconds (0h 0m 0s)
  Total time:              89.8469 seconds (0h 1m 30s)
Average per run:
  User time:               89.7273 seconds (0h 1m 30s)
  System time:             0.1196 seconds (0h 0m 0s)
  Total time:              89.8469 seconds (0h 1m 30s)
