=====================================================================================
Program: ./bin/lcs_oblivious
m = 131072, n = 131072
Runs = 1, base case = 256

RUN 1 RESULTS
Time:
  Wall time:               78.3402 seconds (0h 1m 18s)
  User time:               89.0309 seconds (0h 1m 29s)
  System time:             0.1724 seconds (0h 0m 0s)
  Total time:              89.2033 seconds (0h 1m 29s)
Process I/O:
  Characters read:                 289716
  Characters written:                 408
  Read syscalls:                      108
  Write syscalls:                      14
  Bytes read:                    18235392 (17.4 MB)
  Bytes written:                     8192 (0.0 MB)
Disk I/O (sdc swap):
  Read operations:                   5820
  Read operations merged:           11743
  Sectors read:                    140504 (68.6 MB)
  Read time:                         5597 ms
  Write operations:                  2097
  Write operations merged:          12531
  Sectors written:                 117024 (57.1 MB)
  Write time:                        3860 ms
  I/Os (sectors read/written):     257528
Memory Usage:
  Total (virtual):             2487 pages (9.7 MB)
  Resident (RSS):               832 pages (3.2 MB)
  Shared:                       480 pages (1.9 MB)
  Text (code):                    4 pages (0.0 MB)
  Library:                        0 pages (0.0 MB)
  Data + stack:                1667 pages (6.5 MB)
  Dirty pages:                    0 pages (0.0 MB)
  Minor page faults:           6097 (soft faults)
  Major page faults:              7 (hard faults)

FINAL RESULTS
LCS Length: 42705
Overall execution time:
  User time:               89.0309 seconds (0h 1m 29s)
  System time:             0.1724 seconds (0h 0m 0s)
  Total time:              89.2033 seconds (0h 1m 29s)
Average per run:
  User time:               89.0309 seconds (0h 1m 29s)
  System time:             0.1724 seconds (0h 0m 0s)
  Total time:              89.2033 seconds (0h 1m 29s)
