=====================================================================================
Program: ./bin/lcs_oblivious
m = 131072, n = 131072
Runs = 1, base case = 256

RUN 1 RESULTS
Time:
  Wall time:               75.8693 seconds (0h 1m 16s)
  User time:               86.3210 seconds (0h 1m 26s)
  System time:             0.1603 seconds (0h 0m 0s)
  Total time:              86.4813 seconds (0h 1m 26s)
Process I/O:
  Characters read:                 289715
  Characters written:                 408
  Read syscalls:                      108
  Write syscalls:                      14
  Bytes read:                    18165760 (17.3 MB)
  Bytes written:                     8192 (0.0 MB)
Disk I/O (sdc swap):
  Read operations:                   5715
  Read operations merged:           11469
  Sectors read:                    137472 (67.1 MB)
  Read time:                         5442 ms
  Write operations:                  2097
  Write operations merged:          12531
  Sectors written:                 117024 (57.1 MB)
  Write time:                        3860 ms
  I/Os (sectors read/written):     254496
Memory Usage:
  Total (virtual):             2487 pages (9.7 MB)
  Resident (RSS):               864 pages (3.4 MB)
  Shared:                       512 pages (2.0 MB)
  Text (code):                    4 pages (0.0 MB)
  Library:                        0 pages (0.0 MB)
  Data + stack:                1667 pages (6.5 MB)
  Dirty pages:                    0 pages (0.0 MB)
  Minor page faults:           6215 (soft faults)
  Major page faults:              4 (hard faults)

FINAL RESULTS
LCS Length: 42705
Overall execution time:
  User time:               86.3210 seconds (0h 1m 26s)
  System time:             0.1603 seconds (0h 0m 0s)
  Total time:              86.4813 seconds (0h 1m 26s)
Average per run:
  User time:               86.3210 seconds (0h 1m 26s)
  System time:             0.1603 seconds (0h 0m 0s)
  Total time:              86.4813 seconds (0h 1m 26s)
