=====================================================================================
Program: bin/lcs_hirschberg
m = 32768, n = 32768
Runs = 1, base case = 2048

RUN 1 RESULTS
Time:
  Wall time:               44.0826 seconds (0h 0m 44s)
  User time:               15.4018 seconds (0h 0m 15s)
  System time:             4.5405 seconds (0h 0m 5s)
  Total time:              19.9423 seconds (0h 0m 20s)
Process I/O:
  Characters read:                  92974
  Characters written:                 406
  Read syscalls:                       60
  Write syscalls:                      14
  Bytes read:                   513331200 (489.6 MB)
  Bytes written:                     8192 (0.0 MB)
Disk I/O (sdc swap):
  Read operations:                 465256
  Read operations merged:           34058
  Sectors read:                   3994512 (1950.4 MB)
  Read time:                        99642 ms
  Write operations:                155646
  Write operations merged:         238037
  Sectors written:                3149464 (1537.8 MB)
  Write time:                      577046 ms
  I/Os (sectors read/written):    7143976
Memory Usage:
  Total (virtual):             5183 pages (20.2 MB)
  Resident (RSS):               896 pages (3.5 MB)
  Shared:                       544 pages (2.1 MB)
  Text (code):                    5 pages (0.0 MB)
  Library:                        0 pages (0.0 MB)
  Data + stack:                4364 pages (17.0 MB)
  Dirty pages:                    0 pages (0.0 MB)
  Minor page faults:         148299 (soft faults)
  Major page faults:             57 (hard faults)

FINAL RESULTS
LCS Length: 10627
Overall execution time:
  User time:               15.4018 seconds (0h 0m 15s)
  System time:             4.5405 seconds (0h 0m 5s)
  Total time:              19.9423 seconds (0h 0m 20s)
Average per run:
  User time:               15.4018 seconds (0h 0m 15s)
  System time:             4.5405 seconds (0h 0m 5s)
  Total time:              19.9423 seconds (0h 0m 20s)
