=====================================================================================
Program: bin/lcs_oblivious
m = 65536, n = 65536
Runs = 1, base case = 2048

RUN 1 RESULTS
Time:
  Wall time:               104.6383 seconds (0h 1m 45s)
  User time:               37.6293 seconds (0h 0m 38s)
  System time:             11.9605 seconds (0h 0m 12s)
  Total time:              49.5898 seconds (0h 0m 50s)
Process I/O:
  Characters read:                 158503
  Characters written:                 408
  Read syscalls:                       76
  Write syscalls:                      14
  Bytes read:                  1283207168 (1223.8 MB)
  Bytes written:                     8192 (0.0 MB)
Disk I/O (sdc swap):
  Read operations:                1201454
  Read operations merged:           39965
  Sectors read:                   9931352 (4849.3 MB)
  Read time:                       241970 ms
  Write operations:                271274
  Write operations merged:         745005
  Sectors written:                8130056 (3969.8 MB)
  Write time:                      860893 ms
  I/Os (sectors read/written):   18061408
Memory Usage:
  Total (virtual):             5768 pages (22.5 MB)
  Resident (RSS):               992 pages (3.9 MB)
  Shared:                       608 pages (2.4 MB)
  Text (code):                    6 pages (0.0 MB)
  Library:                        0 pages (0.0 MB)
  Data + stack:                4948 pages (19.3 MB)
  Dirty pages:                    0 pages (0.0 MB)
  Minor page faults:         350569 (soft faults)
  Major page faults:            111 (hard faults)

FINAL RESULTS
LCS Length: 21269
Overall execution time:
  User time:               37.6293 seconds (0h 0m 38s)
  System time:             11.9605 seconds (0h 0m 12s)
  Total time:              49.5898 seconds (0h 0m 50s)
Average per run:
  User time:               37.6293 seconds (0h 0m 38s)
  System time:             11.9605 seconds (0h 0m 12s)
  Total time:              49.5898 seconds (0h 0m 50s)
