=====================================================================================
Program: ./bin/lcs_oblivious
m = 65536, n = 65536
Runs = 1, base case = 256

RUN 1 RESULTS
Time:
  Wall time:               33.9957 seconds (0h 0m 34s)
  User time:               21.4633 seconds (0h 0m 21s)
  System time:             0.0653 seconds (0h 0m 0s)
  Total time:              21.5286 seconds (0h 0m 22s)
Process I/O:
  Characters read:                 158614
  Characters written:                 406
  Read syscalls:                       76
  Write syscalls:                      14
  Bytes read:                     6750208 (6.4 MB)
  Bytes written:                     8192 (0.0 MB)
Disk I/O (sdc swap):
  Read operations:                   1872
  Read operations merged:            4073
  Sectors read:                     47560 (23.2 MB)
  Read time:                         1653 ms
  Write operations:                   583
  Write operations merged:           5524
  Sectors written:                  48856 (23.9 MB)
  Write time:                        1019 ms
  I/Os (sectors read/written):      96416
Memory Usage:
  Total (virtual):             1732 pages (6.8 MB)
  Resident (RSS):               736 pages (2.9 MB)
  Shared:                       480 pages (1.9 MB)
  Text (code):                    4 pages (0.0 MB)
  Library:                        0 pages (0.0 MB)
  Data + stack:                 912 pages (3.6 MB)
  Dirty pages:                    0 pages (0.0 MB)
  Minor page faults:           2310 (soft faults)
  Major page faults:              6 (hard faults)

FINAL RESULTS
LCS Length: 21269
Overall execution time:
  User time:               21.4633 seconds (0h 0m 21s)
  System time:             0.0653 seconds (0h 0m 0s)
  Total time:              21.5286 seconds (0h 0m 22s)
Average per run:
  User time:               21.4633 seconds (0h 0m 21s)
  System time:             0.0653 seconds (0h 0m 0s)
  Total time:              21.5286 seconds (0h 0m 22s)
