=====================================================================================
Program: bin/lcs_hirschberg
m = 65536, n = 65536
Runs = 1, base case = 2048

RUN 1 RESULTS
Time:
  Wall time:               121.4141 seconds (0h 2m 1s)
  User time:               61.7606 seconds (0h 1m 2s)
  System time:             9.4310 seconds (0h 0m 9s)
  Total time:              71.1916 seconds (0h 1m 11s)
Process I/O:
  Characters read:                 158508
  Characters written:                 405
  Read syscalls:                       76
  Write syscalls:                      14
  Bytes read:                  1043787776 (995.4 MB)
  Bytes written:                     8192 (0.0 MB)
Disk I/O (sdc swap):
  Read operations:                 944008
  Read operations merged:           63076
  Sectors read:                   8056672 (3933.9 MB)
  Read time:                       193244 ms
  Write operations:                296489
  Write operations merged:         490362
  Sectors written:                6294808 (3073.6 MB)
  Write time:                      893666 ms
  I/Os (sectors read/written):   14351480
Memory Usage:
  Total (virtual):             5352 pages (20.9 MB)
  Resident (RSS):              1152 pages (4.5 MB)
  Shared:                       512 pages (2.0 MB)
  Text (code):                    5 pages (0.0 MB)
  Library:                        0 pages (0.0 MB)
  Data + stack:                4533 pages (17.7 MB)
  Dirty pages:                    0 pages (0.0 MB)
  Minor page faults:         292158 (soft faults)
  Major page faults:             97 (hard faults)

FINAL RESULTS
LCS Length: 21269
Overall execution time:
  User time:               61.7606 seconds (0h 1m 2s)
  System time:             9.4310 seconds (0h 0m 9s)
  Total time:              71.1916 seconds (0h 1m 11s)
Average per run:
  User time:               61.7606 seconds (0h 1m 2s)
  System time:             9.4310 seconds (0h 0m 9s)
  Total time:              71.1916 seconds (0h 1m 11s)
