=====================================================================================
Program: bin/lcs_hirschberg
m = 32768, n = 32768
Runs = 1, base case = 2048

RUN 1 RESULTS
Time:
  Wall time:               44.4865 seconds (0h 0m 44s)
  User time:               15.4084 seconds (0h 0m 15s)
  System time:             4.6786 seconds (0h 0m 5s)
  Total time:              20.0870 seconds (0h 0m 20s)
Process I/O:
  Characters read:                  92972
  Characters written:                 406
  Read syscalls:                       60
  Write syscalls:                      14
  Bytes read:                   515469312 (491.6 MB)
  Bytes written:                     8192 (0.0 MB)
Disk I/O (sdc swap):
  Read operations:                 468241
  Read operations merged:           34092
  Sectors read:                   4018664 (1962.2 MB)
  Read time:                       100271 ms
  Write operations:                156665
  Write operations merged:         238199
  Sectors written:                3158912 (1542.4 MB)
  Write time:                      582485 ms
  I/Os (sectors read/written):    7177576
Memory Usage:
  Total (virtual):             5183 pages (20.2 MB)
  Resident (RSS):              1280 pages (5.0 MB)
  Shared:                       480 pages (1.9 MB)
  Text (code):                    5 pages (0.0 MB)
  Library:                        0 pages (0.0 MB)
  Data + stack:                4364 pages (17.0 MB)
  Dirty pages:                    0 pages (0.0 MB)
  Minor page faults:         147777 (soft faults)
  Major page faults:             43 (hard faults)

FINAL RESULTS
LCS Length: 10627
Overall execution time:
  User time:               15.4084 seconds (0h 0m 15s)
  System time:             4.6786 seconds (0h 0m 5s)
  Total time:              20.0870 seconds (0h 0m 20s)
Average per run:
  User time:               15.4084 seconds (0h 0m 15s)
  System time:             4.6786 seconds (0h 0m 5s)
  Total time:              20.0870 seconds (0h 0m 20s)
