=====================================================================================
Program: bin/lcs_hirschberg
m = 131072, n = 131072
Runs = 1, base case = 2048

RUN 1 RESULTS
Time:
  Wall time:               654.8428 seconds (0h 10m 55s)
  User time:               232.3493 seconds (0h 3m 52s)
  System time:             82.1846 seconds (0h 1m 22s)
  Total time:              314.5338 seconds (0h 5m 15s)
Process I/O:
  Characters read:                 289582
  Characters written:                 414
  Read syscalls:                      108
  Write syscalls:                      14
  Bytes read:                 13947817984 (13301.7 MB)
  Bytes written:                     8192 (0.0 MB)
Disk I/O (sdc swap):
  Read operations:                6183899
  Read operations merged:         7413718
  Sectors read:                 108780936 (53115.7 MB)
  Read time:                      1462622 ms
  Write operations:               1183332
  Write operations merged:        5584174
  Sectors written:               54140048 (26435.6 MB)
  Write time:                     2153296 ms
  I/Os (sectors read/written):  162920984
Memory Usage:
  Total (virtual):             5692 pages (22.2 MB)
  Resident (RSS):              1152 pages (4.5 MB)
  Shared:                       416 pages (1.6 MB)
  Text (code):                    5 pages (0.0 MB)
  Library:                        0 pages (0.0 MB)
  Data + stack:                4873 pages (19.0 MB)
  Dirty pages:                    0 pages (0.0 MB)
  Minor page faults:        3319367 (soft faults)
  Major page faults:           8306 (hard faults)

FINAL RESULTS
LCS Length: 42705
Overall execution time:
  User time:               232.3493 seconds (0h 3m 52s)
  System time:             82.1846 seconds (0h 1m 22s)
  Total time:              314.5338 seconds (0h 5m 15s)
Average per run:
  User time:               232.3493 seconds (0h 3m 52s)
  System time:             82.1846 seconds (0h 1m 22s)
  Total time:              314.5338 seconds (0h 5m 15s)
