=====================================================================================
Program: bin/lcs_hirschberg
m = 32768, n = 32768
Runs = 1, base case = 2048

RUN 1 RESULTS
Time:
  Wall time:               44.4334 seconds (0h 0m 44s)
  User time:               15.3260 seconds (0h 0m 15s)
  System time:             4.6996 seconds (0h 0m 5s)
  Total time:              20.0256 seconds (0h 0m 20s)
Process I/O:
  Characters read:                  92973
  Characters written:                 406
  Read syscalls:                       60
  Write syscalls:                      14
  Bytes read:                   516636672 (492.7 MB)
  Bytes written:                     8192 (0.0 MB)
Disk I/O (sdc swap):
  Read operations:                 468013
  Read operations merged:           34086
  Sectors read:                   4016792 (1961.3 MB)
  Read time:                       100223 ms
  Write operations:                156665
  Write operations merged:         238199
  Sectors written:                3158912 (1542.4 MB)
  Write time:                      582485 ms
  I/Os (sectors read/written):    7175704
Memory Usage:
  Total (virtual):             5183 pages (20.2 MB)
  Resident (RSS):              1088 pages (4.2 MB)
  Shared:                       544 pages (2.1 MB)
  Text (code):                    5 pages (0.0 MB)
  Library:                        0 pages (0.0 MB)
  Data + stack:                4364 pages (17.0 MB)
  Dirty pages:                    0 pages (0.0 MB)
  Minor page faults:         147694 (soft faults)
  Major page faults:             55 (hard faults)

FINAL RESULTS
LCS Length: 10627
Overall execution time:
  User time:               15.3260 seconds (0h 0m 15s)
  System time:             4.6996 seconds (0h 0m 5s)
  Total time:              20.0256 seconds (0h 0m 20s)
Average per run:
  User time:               15.3260 seconds (0h 0m 15s)
  System time:             4.6996 seconds (0h 0m 5s)
  Total time:              20.0256 seconds (0h 0m 20s)
