Starting balloon program
Balloon data filename: res/adversarial/balloon/balloon_data1
Value: 0
Value: 2048
Value: 0.000792
Value: 4
Value: 15.5805
Value: 2048
Value: 15.5806
Value: 4
Value: 31.1932
Value: 2048
Value: 31.1937
Value: 4
Value: 35.5827
Value: 2048
Value: 35.5828
Value: 4
Value: 39.8292
Value: 2048
Value: 39.8294
Value: 4
Value: 40.9781
Value: 2048
Value: 40.9782
Value: 4
Value: 42.0455
Value: 2048
Value: 42.0462
Value: 4
Value: 42.3283
Value: 2048
Value: 42.3285
Value: 4
Value: 42.6154
Value: 2048
Value: 42.6156
Value: 4
Value: 42.6863
Value: 2048
Value: 42.6864
Value: 4
Value: 42.7482
Value: 2048
Value: 42.7882
Value: 4
Value: 42.8082
Value: 2048
Value: 42.8083
Value: 4
Value: 42.8246
Value: 2048
Value: 42.837
Value: 4
Value: 42.9018
Value: 2048
Value: 42.9019
Value: 4
Value: 42.9694
Value: 2048
Value: 42.9695
Value: 4
Value: 42.9877
Value: 2048
Value: 42.9878
Value: 4
Value: 43.0027
Value: 2048
Value: 43.0136
Value: 4
Value: 43.0299
Value: 2048
Value: 43.03
Value: 4
Value: 43.0473
Value: 2048
Value: 43.0594
Value: 4
Value: 43.3304
Value: 2048
Value: 43.3305
Value: 4
Value: 43.6033
Value: 2048
Value: 43.6034
Value: 4
Value: 43.6732
Value: 2048
Value: 43.6733
Value: 4
Value: 43.7449
Value: 2048
Value: 43.745
Value: 4
Value: 43.7642
Value: 2048
Value: 43.7643
Value: 4
Value: 43.7819
Value: 2048
Value: 43.8133
Value: 4
Value: 43.8828
Value: 2048
Value: 43.8829
Value: 4
Value: 43.9503
Value: 2048
Value: 43.9703
Value: 4
Value: 43.9867
Value: 2048
Value: 43.9867
Value: 4
Value: 44.0032
Value: 2048
Value: 44.0134
Value: 4
Value: 45.012
Value: 2048
Value: 45.0121
Value: 4
Value: 45.9828
Value: 2048
Value: 45.9829
Value: 4
Value: 46.2313
Value: 2048
Value: 46.2314
Value: 4
Value: 46.4718
Value: 2048
Value: 46.4719
Value: 4
Value: 46.5381
Value: 2048
Value: 46.5382
Value: 4
Value: 46.6032
Value: 2048
Value: 46.6294
Value: 4
Value: 46.6471
Value: 2048
Value: 46.6471
Value: 4
Value: 46.6669
Value: 2048
Value: 46.6786
Value: 4
Value: 46.732
Value: 2048
Value: 46.7321
Value: 4
Value: 46.7842
Value: 2048
Value: 46.8155
Value: 4
Value: 47.0567
Value: 2048
Value: 47.0568
Value: 4
Value: 47.2979
Value: 2048
Value: 47.298
Value: 4
Value: 47.356
Value: 2048
Value: 47.3561
Value: 4
Value: 47.4221
Value: 2048
Value: 47.4676
Value: 4
Value: 47.5247
Value: 2048
Value: 47.5248
Value: 4
Value: 47.5837
Value: 2048
Value: 47.6213
Value: 4
Value: 52.384
Value: 2048
Value: 52.3841
Value: 4
Value: 57.0205
Value: 2048
Value: 57.0207
Value: 4
Value: 58.254
Value: 2048
Value: 58.2541
Value: 4
Value: 59.5905
Value: 2048
Value: 59.5907
Value: 4
Value: 59.9315
Value: 2048
Value: 59.9316
Value: 4
Value: 60.1967
Value: 2048
Value: 60.1969
Value: 4
Value: 60.2578
Value: 2048
Value: 60.2579
Value: 4
Value: 60.3214
Value: 2048
Value: 60.3399
Value: 4
Value: 60.3568
Value: 2048
Value: 60.3569
Value: 4
Value: 60.3733
Value: 2048
Value: 60.3864
Value: 4
Value: 60.4547
Value: 2048
Value: 60.4548
Value: 4
Value: 60.5268
Value: 2048
Value: 60.5269
Value: 4
Value: 60.5458
Value: 2048
Value: 60.5459
Value: 4
Value: 60.564
Value: 2048
Value: 60.5994
Value: 4
Value: 58.4479
Value: 2048
Value: 58.448
Value: 4
Value: 58.74
Value: 2048
Value: 58.7402
Value: 4
Value: 58.7991
Value: 2048
Value: 58.7992
Value: 4
Value: 58.8601
Value: 2048
Value: 58.8993
Value: 4
Value: 58.9748
Value: 2048
Value: 58.9749
Value: 4
Value: 59.0531
Value: 2048
Value: 59.0532
Value: 4
Value: 59.071
Value: 2048
Value: 59.0711
Value: 4
Value: 59.0901
Value: 2048
Value: 59.1032
Value: 4
Value: 59.126
Value: 2048
Value: 59.1261
Value: 4
Value: 59.1476
Value: 2048
Value: 59.162
Value: 4
Value: 60.3683
Value: 2048
Value: 60.3684
Value: 4
Value: 61.5999
Value: 2048
Value: 61.6001
Value: 4
Value: 61.8871
Value: 2048
Value: 61.8872
Value: 4
Value: 62.1941
Value: 2048
Value: 62.1942
Value: 4
Value: 62.2649
Value: 2048
Value: 62.265
Value: 4
Value: 62.3378
Value: 2048
Value: 62.3379
Value: 4
Value: 62.3572
Value: 2048
Value: 62.3573
Value: 4
Value: 62.38
Value: 2048
Value: 62.415
Value: 4
Value: 62.4905
Value: 2048
Value: 62.4907
Value: 4
Value: 62.5602
Value: 2048
Value: 62.5798
Value: 4
Value: 62.5963
Value: 2048
Value: 62.5964
Value: 4
Value: 62.6148
Value: 2048
Value: 62.6265
Value: 4
Value: 62.9389
Value: 2048
Value: 62.939
Value: 4
Value: 63.2678
Value: 2048
Value: 63.2679
Value: 4
Value: 63.348
Value: 2048
Value: 63.3481
Value: 4
Value: 63.429
Value: 2048
Value: 63.4291
Value: 4
Value: 63.4493
Value: 2048
Value: 63.4494
Value: 4
Value: 63.47
Value: 2048
Value: 63.484
Value: 4
Value: 63.5051
Value: 2048
Value: 63.5052
Value: 4
Value: 63.5251
Value: 2048
Value: 63.5378
Value: 4
Value: 63.6187
Value: 2048
Value: 63.6188
Value: 4
Value: 63.6976
Value: 2048
Value: 63.6977
Value: 4
Value: 63.716
Value: 2048
Value: 63.7161
Value: 4
Value: 63.7343
Value: 2048
Value: 63.7483
Value: 4
Value: 63.7702
Value: 2048
Value: 63.7703
Value: 4
Value: 63.789
Value: 2048
Time: 0 Memory: 2147483648
Time: 0.000792 Memory: 4194304
Time: 15.5805 Memory: 2147483648
Time: 15.5806 Memory: 4194304
Time: 31.1932 Memory: 2147483648
Time: 31.1937 Memory: 4194304
Time: 35.5827 Memory: 2147483648
Time: 35.5828 Memory: 4194304
Time: 39.8292 Memory: 2147483648
Time: 39.8294 Memory: 4194304
Time: 40.9781 Memory: 2147483648
Time: 40.9782 Memory: 4194304
Time: 42.0455 Memory: 2147483648
Time: 42.0462 Memory: 4194304
Time: 42.3283 Memory: 2147483648
Time: 42.3285 Memory: 4194304
Time: 42.6154 Memory: 2147483648
Time: 42.6156 Memory: 4194304
Time: 42.6863 Memory: 2147483648
Time: 42.6864 Memory: 4194304
Time: 42.7482 Memory: 2147483648
Time: 42.7882 Memory: 4194304
Time: 42.8082 Memory: 2147483648
Time: 42.8083 Memory: 4194304
Time: 42.8246 Memory: 2147483648
Time: 42.837 Memory: 4194304
Time: 42.9018 Memory: 2147483648
Time: 42.9019 Memory: 4194304
Time: 42.9694 Memory: 2147483648
Time: 42.9695 Memory: 4194304
Time: 42.9877 Memory: 2147483648
Time: 42.9878 Memory: 4194304
Time: 43.0027 Memory: 2147483648
Time: 43.0136 Memory: 4194304
Time: 43.0299 Memory: 2147483648
Time: 43.03 Memory: 4194304
Time: 43.0473 Memory: 2147483648
Time: 43.0594 Memory: 4194304
Time: 43.3304 Memory: 2147483648
Time: 43.3305 Memory: 4194304
Time: 43.6033 Memory: 2147483648
Time: 43.6034 Memory: 4194304
Time: 43.6732 Memory: 2147483648
Time: 43.6733 Memory: 4194304
Time: 43.7449 Memory: 2147483648
Time: 43.745 Memory: 4194304
Time: 43.7642 Memory: 2147483648
Time: 43.7643 Memory: 4194304
Time: 43.7819 Memory: 2147483648
Time: 43.8133 Memory: 4194304
Time: 43.8828 Memory: 2147483648
Time: 43.8829 Memory: 4194304
Time: 43.9503 Memory: 2147483648
Time: 43.9703 Memory: 4194304
Time: 43.9867 Memory: 2147483648
Time: 43.9867 Memory: 4194304
Time: 44.0032 Memory: 2147483648
Time: 44.0134 Memory: 4194304
Time: 45.012 Memory: 2147483648
Time: 45.0121 Memory: 4194304
Time: 45.9828 Memory: 2147483648
Time: 45.9829 Memory: 4194304
Time: 46.2313 Memory: 2147483648
Time: 46.2314 Memory: 4194304
Time: 46.4718 Memory: 2147483648
Time: 46.4719 Memory: 4194304
Time: 46.5381 Memory: 2147483648
Time: 46.5382 Memory: 4194304
Time: 46.6032 Memory: 2147483648
Time: 46.6294 Memory: 4194304
Time: 46.6471 Memory: 2147483648
Time: 46.6471 Memory: 4194304
Time: 46.6669 Memory: 2147483648
Time: 46.6786 Memory: 4194304
Time: 46.732 Memory: 2147483648
Time: 46.7321 Memory: 4194304
Time: 46.7842 Memory: 2147483648
Time: 46.8155 Memory: 4194304
Time: 47.0567 Memory: 2147483648
Time: 47.0568 Memory: 4194304
Time: 47.2979 Memory: 2147483648
Time: 47.298 Memory: 4194304
Time: 47.356 Memory: 2147483648
Time: 47.3561 Memory: 4194304
Time: 47.4221 Memory: 2147483648
Time: 47.4676 Memory: 4194304
Time: 47.5247 Memory: 2147483648
Time: 47.5248 Memory: 4194304
Time: 47.5837 Memory: 2147483648
Time: 47.6213 Memory: 4194304
Time: 52.384 Memory: 2147483648
Time: 52.3841 Memory: 4194304
Time: 57.0205 Memory: 2147483648
Time: 57.0207 Memory: 4194304
Time: 58.254 Memory: 2147483648
Time: 58.2541 Memory: 4194304
Time: 59.5905 Memory: 2147483648
Time: 59.5907 Memory: 4194304
Time: 59.9315 Memory: 2147483648
Time: 59.9316 Memory: 4194304
Time: 60.1967 Memory: 2147483648
Time: 60.1969 Memory: 4194304
Time: 60.2578 Memory: 2147483648
Time: 60.2579 Memory: 4194304
Time: 60.3214 Memory: 2147483648
Time: 60.3399 Memory: 4194304
Time: 60.3568 Memory: 2147483648
Time: 60.3569 Memory: 4194304
Time: 60.3733 Memory: 2147483648
Time: 60.3864 Memory: 4194304
Time: 60.4547 Memory: 2147483648
Time: 60.4548 Memory: 4194304
Time: 60.5268 Memory: 2147483648
Time: 60.5269 Memory: 4194304
Time: 60.5458 Memory: 2147483648
Time: 60.5459 Memory: 4194304
Time: 60.564 Memory: 2147483648
Time: 60.5994 Memory: 4194304
Time: 58.4479 Memory: 2147483648
Time: 58.448 Memory: 4194304
Time: 58.74 Memory: 2147483648
Time: 58.7402 Memory: 4194304
Time: 58.7991 Memory: 2147483648
Time: 58.7992 Memory: 4194304
Time: 58.8601 Memory: 2147483648
Time: 58.8993 Memory: 4194304
Time: 58.9748 Memory: 2147483648
Time: 58.9749 Memory: 4194304
Time: 59.0531 Memory: 2147483648
Time: 59.0532 Memory: 4194304
Time: 59.071 Memory: 2147483648
Time: 59.0711 Memory: 4194304
Time: 59.0901 Memory: 2147483648
Time: 59.1032 Memory: 4194304
Time: 59.126 Memory: 2147483648
Time: 59.1261 Memory: 4194304
Time: 59.1476 Memory: 2147483648
Time: 59.162 Memory: 4194304
Time: 60.3683 Memory: 2147483648
Time: 60.3684 Memory: 4194304
Time: 61.5999 Memory: 2147483648
Time: 61.6001 Memory: 4194304
Time: 61.8871 Memory: 2147483648
Time: 61.8872 Memory: 4194304
Time: 62.1941 Memory: 2147483648
Time: 62.1942 Memory: 4194304
Time: 62.2649 Memory: 2147483648
Time: 62.265 Memory: 4194304
Time: 62.3378 Memory: 2147483648
Time: 62.3379 Memory: 4194304
Time: 62.3572 Memory: 2147483648
Time: 62.3573 Memory: 4194304
Time: 62.38 Memory: 2147483648
Time: 62.415 Memory: 4194304
Time: 62.4905 Memory: 2147483648
Time: 62.4907 Memory: 4194304
Time: 62.5602 Memory: 2147483648
Time: 62.5798 Memory: 4194304
Time: 62.5963 Memory: 2147483648
Time: 62.5964 Memory: 4194304
Time: 62.6148 Memory: 2147483648
Time: 62.6265 Memory: 4194304
Time: 62.9389 Memory: 2147483648
Time: 62.939 Memory: 4194304
Time: 63.2678 Memory: 2147483648
Time: 63.2679 Memory: 4194304
Time: 63.348 Memory: 2147483648
Time: 63.3481 Memory: 4194304
Time: 63.429 Memory: 2147483648
Time: 63.4291 Memory: 4194304
Time: 63.4493 Memory: 2147483648
Time: 63.4494 Memory: 4194304
Time: 63.47 Memory: 2147483648
Time: 63.484 Memory: 4194304
Time: 63.5051 Memory: 2147483648
Time: 63.5052 Memory: 4194304
Time: 63.5251 Memory: 2147483648
Time: 63.5378 Memory: 4194304
Time: 63.6187 Memory: 2147483648
Time: 63.6188 Memory: 4194304
Time: 63.6976 Memory: 2147483648
Time: 63.6977 Memory: 4194304
Time: 63.716 Memory: 2147483648
Time: 63.7161 Memory: 4194304
Time: 63.7343 Memory: 2147483648
Time: 63.7483 Memory: 4194304
Time: 63.7702 Memory: 2147483648
Time: 63.7703 Memory: 4194304
Time: 63.789 Memory: 2147483648
2147483648 2147483648
Each balloon is mmapping 50
cgroup memory 2147483648, target memory 2147483648
num balloons 1
Time 3.2194e-05s reached. Changing memory.
value stored in times array: 0
2147483648 2147483648
Changing memory to (bytes): 2147483648 (Balloon size: 50)
Done changing memory 50
Time 0.000792006s reached. Changing memory.
value stored in times array: 0.000792
2147483648 4194304
Changing memory to (bytes): 4194304 (Balloon size: 2143027200)
Done changing memory 2143027200
Time 15.5806s reached. Changing memory.
value stored in times array: 15.5805
2147483648 2147483648
Changing memory to (bytes): 2147483648 (Balloon size: 50)
Done changing memory 50
Time 18.0021s reached. Changing memory.
value stored in times array: 15.5806
2147483648 4194304
Changing memory to (bytes): 4194304 (Balloon size: 2143027200)
Done changing memory 2143027200
Time 31.1934s reached. Changing memory.
value stored in times array: 31.1932
2147483648 2147483648
Changing memory to (bytes): 2147483648 (Balloon size: 50)
Done changing memory 50
Time 33.4356s reached. Changing memory.
value stored in times array: 31.1937
2147483648 4194304
Changing memory to (bytes): 4194304 (Balloon size: 2143027200)
Done changing memory 2143027200
Time 35.5829s reached. Changing memory.
value stored in times array: 35.5827
2147483648 2147483648
Changing memory to (bytes): 2147483648 (Balloon size: 50)
