Starting balloon program
Balloon data filename: res/adversarial/balloon/balloon_data1
Value: 0
Value: 2048
Value: 0.001625
Value: 4
Value: 65.2364
Value: 2048
Value: 65.2365
Value: 4
Value: 137.081
Value: 2048
Value: 137.083
Value: 4
Value: 151.487
Value: 2048
Value: 151.487
Value: 4
Value: 167.044
Value: 2048
Value: 167.045
Value: 4
Value: 171.353
Value: 2048
Value: 171.353
Value: 4
Value: 175.637
Value: 2048
Value: 175.638
Value: 4
Value: 176.724
Value: 2048
Value: 176.724
Value: 4
Value: 177.845
Value: 2048
Value: 177.845
Value: 4
Value: 178.095
Value: 2048
Value: 178.095
Value: 4
Value: 178.361
Value: 2048
Value: 178.361
Value: 4
Value: 178.415
Value: 2048
Value: 178.415
Value: 4
Value: 178.467
Value: 2048
Value: 178.54
Value: 4
Value: 178.613
Value: 2048
Value: 178.613
Value: 4
Value: 178.673
Value: 2048
Value: 178.673
Value: 4
Value: 178.689
Value: 2048
Value: 178.689
Value: 4
Value: 178.704
Value: 2048
Value: 178.732
Value: 4
Value: 178.996
Value: 2048
Value: 178.997
Value: 4
Value: 179.281
Value: 2048
Value: 179.281
Value: 4
Value: 179.356
Value: 2048
Value: 179.356
Value: 4
Value: 179.434
Value: 2048
Value: 179.435
Value: 4
Value: 179.452
Value: 2048
Value: 179.452
Value: 4
Value: 179.47
Value: 2048
Value: 179.486
Value: 4
Value: 179.505
Value: 2048
Value: 179.505
Value: 4
Value: 179.522
Value: 2048
Value: 179.539
Value: 4
Value: 179.607
Value: 2048
Value: 179.608
Value: 4
Value: 179.676
Value: 2048
Value: 179.676
Value: 4
Value: 179.693
Value: 2048
Value: 179.693
Value: 4
Value: 179.71
Value: 2048
Value: 179.741
Value: 4
Value: 180.754
Value: 2048
Value: 180.754
Value: 4
Value: 181.78
Value: 2048
Value: 181.78
Value: 4
Value: 182.056
Value: 2048
Value: 182.056
Value: 4
Value: 182.336
Value: 2048
Value: 182.336
Value: 4
Value: 182.405
Value: 2048
Value: 182.405
Value: 4
Value: 182.475
Value: 2048
Value: 182.475
Value: 4
Value: 182.491
Value: 2048
Value: 182.491
Value: 4
Value: 182.507
Value: 2048
Value: 182.522
Value: 4
Value: 182.544
Value: 2048
Value: 182.544
Value: 4
Value: 182.563
Value: 2048
Value: 182.579
Value: 4
Value: 182.647
Value: 2048
Value: 182.647
Value: 4
Value: 182.716
Value: 2048
Value: 182.716
Value: 4
Value: 182.736
Value: 2048
Value: 182.737
Value: 4
Value: 182.757
Value: 2048
Value: 182.794
Value: 4
Value: 183.039
Value: 2048
Value: 183.039
Value: 4
Value: 183.281
Value: 2048
Value: 183.281
Value: 4
Value: 183.337
Value: 2048
Value: 183.337
Value: 4
Value: 183.393
Value: 2048
Value: 183.435
Value: 4
Value: 183.501
Value: 2048
Value: 183.501
Value: 4
Value: 183.558
Value: 2048
Value: 183.598
Value: 4
Value: 188.336
Value: 2048
Value: 188.337
Value: 4
Value: 193.011
Value: 2048
Value: 193.012
Value: 4
Value: 194.215
Value: 2048
Value: 194.215
Value: 4
Value: 195.504
Value: 2048
Value: 195.505
Value: 4
Value: 195.831
Value: 2048
Value: 195.831
Value: 4
Value: 196.199
Value: 2048
Value: 196.199
Value: 4
Value: 196.362
Value: 2048
Value: 196.362
Value: 4
Value: 196.462
Value: 2048
Value: 196.462
Value: 4
Value: 196.485
Value: 2048
Value: 196.485
Value: 4
Value: 196.507
Value: 2048
Value: 196.522
Value: 4
Value: 196.542
Value: 2048
Value: 196.542
Value: 4
Value: 196.561
Value: 2048
Value: 196.574
Value: 4
Value: 196.647
Value: 2048
Value: 196.647
Value: 4
Value: 196.728
Value: 2048
Value: 196.728
Value: 4
Value: 196.751
Value: 2048
Value: 196.751
Value: 4
Value: 196.772
Value: 2048
Value: 196.813
Value: 4
Value: 197.106
Value: 2048
Value: 197.106
Value: 4
Value: 197.417
Value: 2048
Value: 197.417
Value: 4
Value: 197.498
Value: 2048
Value: 197.498
Value: 4
Value: 197.568
Value: 2048
Value: 197.568
Value: 4
Value: 197.586
Value: 2048
Value: 197.587
Value: 4
Value: 197.605
Value: 2048
Value: 197.638
Value: 4
Value: 197.709
Value: 2048
Value: 197.709
Value: 4
Value: 197.789
Value: 2048
Value: 197.789
Value: 4
Value: 197.809
Value: 2048
Value: 197.809
Value: 4
Value: 197.835
Value: 2048
Value: 197.851
Value: 4
Value: 197.874
Value: 2048
Value: 197.874
Value: 4
Value: 197.897
Value: 2048
Value: 197.911
Value: 4
Value: 199.043
Value: 2048
Value: 199.043
Value: 4
Value: 200.251
Value: 2048
Value: 200.251
Value: 4
Value: 200.523
Value: 2048
Value: 200.523
Value: 4
Value: 200.784
Value: 2048
Value: 200.785
Value: 4
Value: 200.845
Value: 2048
Value: 200.845
Value: 4
Value: 200.903
Value: 2048
Value: 200.945
Value: 4
Value: 201.019
Value: 2048
Value: 201.019
Value: 4
Value: 201.094
Value: 2048
Value: 201.094
Value: 4
Value: 201.112
Value: 2048
Value: 201.112
Value: 4
Value: 201.132
Value: 2048
Value: 201.145
Value: 4
Value: 201.163
Value: 2048
Value: 201.163
Value: 4
Value: 201.181
Value: 2048
Value: 201.197
Value: 4
Value: 201.465
Value: 2048
Value: 201.465
Value: 4
Value: 201.729
Value: 2048
Value: 201.73
Value: 4
Value: 201.793
Value: 2048
Value: 201.793
Value: 4
Value: 201.856
Value: 2048
Value: 201.878
Value: 4
Value: 201.896
Value: 2048
Value: 201.896
Value: 4
Value: 201.914
Value: 2048
Value: 201.928
Value: 4
Value: 201.997
Value: 2048
Value: 201.998
Value: 4
Value: 202.067
Value: 2048
Value: 202.067
Value: 4
Value: 202.084
Value: 2048
Value: 202.084
Value: 4
Value: 202.101
Value: 2048
Value: 202.114
Value: 4
Value: 202.132
Value: 2048
Value: 202.132
Value: 4
Value: 202.149
Value: 2048
Value: 202.164
Value: 4
Value: 220.084
Value: 2048
Value: 220.084
Value: 4
Value: 232.419
Value: 2048
Value: 232.42
Value: 4
Value: 237.286
Value: 2048
Value: 237.286
Value: 4
Value: 241.604
Value: 2048
Value: 241.605
Value: 4
Value: 242.624
Value: 2048
Value: 242.624
Value: 4
Value: 243.616
Value: 2048
Value: 243.617
Value: 4
Value: 243.879
Value: 2048
Value: 243.879
Value: 4
Value: 244.138
Value: 2048
Value: 244.138
Value: 4
Value: 244.194
Value: 2048
Value: 244.194
Value: 4
Value: 244.254
Value: 2048
Value: 244.254
Value: 4
Value: 244.27
Value: 2048
Value: 244.27
Value: 4
Value: 244.287
Value: 2048
Value: 244.317
Value: 4
Value: 244.381
Value: 2048
Value: 244.381
Value: 4
Value: 244.452
Value: 2048
Value: 244.471
Value: 4
Value: 244.487
Value: 2048
Value: 244.487
Value: 4
Value: 244.502
Value: 2048
Value: 244.513
Value: 4
Value: 244.751
Value: 2048
Value: 244.752
Value: 4
Value: 245.006
Value: 2048
Value: 245.006
Value: 4
Value: 245.063
Value: 2048
Value: 245.063
Value: 4
Value: 245.118
Value: 2048
Value: 245.118
Value: 4
Value: 245.135
Value: 2048
Value: 245.135
Value: 4
Value: 245.152
Value: 2048
Value: 245.179
Value: 4
Value: 245.244
Value: 2048
Value: 245.244
Value: 4
Value: 245.313
Value: 2048
Value: 245.313
Value: 4
Value: 245.329
Value: 2048
Value: 245.329
Value: 4
Value: 245.347
Value: 2048
Value: 245.361
Value: 4
Value: 245.376
Value: 2048
Value: 245.377
Value: 4
Value: 245.393
Value: 2048
Value: 245.405
Value: 4
Value: 246.388
Value: 2048
Value: 246.388
Value: 4
Value: 247.361
Value: 2048
Value: 247.362
Value: 4
Value: 247.623
Value: 2048
Value: 247.623
Value: 4
Value: 247.848
Value: 2048
Value: 247.848
Value: 4
Value: 247.909
Value: 2048
Value: 247.91
Value: 4
Value: 247.968
Value: 2048
Value: 247.989
Value: 4
Value: 248.003
Value: 2048
Value: 248.003
Value: 4
Value: 248.016
Value: 2048
Value: 248.026
Value: 4
Value: 248.084
Value: 2048
Value: 248.084
Value: 4
Value: 248.142
Value: 2048
Value: 248.16
Value: 4
Value: 248.175
Value: 2048
Value: 248.175
Value: 4
Value: 248.188
Value: 2048
Value: 248.197
Value: 4
Value: 248.414
Value: 2048
Value: 248.414
Value: 4
Value: 248.633
Value: 2048
Value: 248.633
Value: 4
Value: 248.693
Value: 2048
Value: 248.693
Value: 4
Value: 248.75
Value: 2048
Value: 248.75
Value: 4
Value: 248.765
Value: 2048
Value: 248.765
Value: 4
Value: 248.781
Value: 2048
Value: 248.81
Value: 4
Value: 248.867
Value: 2048
Value: 248.867
Value: 4
Value: 248.925
Value: 2048
Value: 248.964
Value: 4
Value: 253.151
Value: 2048
Value: 253.151
Value: 4
Value: 257.315
Value: 2048
Value: 257.315
Value: 4
Value: 258.379
Value: 2048
Value: 258.379
Value: 4
Value: 259.466
Value: 2048
Value: 259.466
Value: 4
Value: 259.757
Value: 2048
Value: 259.757
Value: 4
Value: 260.064
Value: 2048
Value: 260.064
Value: 4
Value: 260.128
Value: 2048
Value: 260.128
Value: 4
Value: 260.193
Value: 2048
Value: 260.193
Value: 4
Value: 260.207
Value: 2048
Value: 260.207
Value: 4
Value: 260.221
Value: 2048
Value: 260.23
Value: 4
Value: 260.248
Value: 2048
Value: 260.248
Value: 4
Value: 260.266
Value: 2048
Value: 260.279
Value: 4
Value: 260.345
Value: 2048
Value: 260.345
Value: 4
Value: 260.416
Value: 2048
Value: 260.417
Value: 4
Value: 260.432
Value: 2048
Value: 260.433
Value: 4
Value: 260.448
Value: 2048
Value: 260.459
Value: 4
Value: 260.476
Value: 2048
Value: 260.476
Value: 4
Value: 260.493
Value: 2048
Value: 260.504
Value: 4
Value: 260.77
Value: 2048
Value: 260.77
Value: 4
Value: 261.036
Value: 2048
Value: 261.036
Value: 4
Value: 261.1
Value: 2048
Value: 261.1
Value: 4
Value: 261.163
Value: 2048
Value: 261.163
Value: 4
Value: 261.18
Value: 2048
Value: 261.18
Value: 4
Value: 261.195
Value: 2048
Value: 261.207
Value: 4
Value: 261.223
Value: 2048
Value: 261.223
Value: 4
Value: 261.239
Value: 2048
Value: 261.251
Value: 4
Value: 261.314
Value: 2048
Value: 261.314
Value: 4
Value: 261.375
Value: 2048
Value: 261.393
Value: 4
Value: 261.409
Value: 2048
Value: 261.41
Value: 4
Value: 261.425
Value: 2048
Value: 261.437
Value: 4
Value: 262.438
Value: 2048
Value: 262.438
Value: 4
Value: 263.467
Value: 2048
Value: 263.467
Value: 4
Value: 263.729
Value: 2048
Value: 263.729
Value: 4
Value: 264.022
Value: 2048
Value: 264.022
Value: 4
Value: 264.093
Value: 2048
Value: 264.093
Value: 4
Value: 264.159
Value: 2048
Value: 264.178
Value: 4
Value: 264.194
Value: 2048
Value: 264.194
Value: 4
Value: 264.209
Value: 2048
Value: 264.22
Value: 4
Value: 264.277
Value: 2048
Value: 264.278
Value: 4
Value: 264.333
Value: 2048
Value: 264.333
Value: 4
Value: 264.348
Value: 2048
Value: 264.349
Value: 4
Value: 264.364
Value: 2048
Value: 264.397
Value: 4
Value: 264.657
Value: 2048
Value: 264.657
Value: 4
Value: 264.904
Value: 2048
Value: 264.904
Value: 4
Value: 264.959
Value: 2048
Value: 264.959
Value: 4
Value: 265.013
Value: 2048
Value: 265.027
Value: 4
Value: 265.043
Value: 2048
Value: 265.043
Value: 4
Value: 265.059
Value: 2048
Value: 265.071
Value: 4
Value: 265.135
Value: 2048
Value: 265.135
Value: 4
Value: 265.199
Value: 2048
Value: 265.218
Value: 4
Value: 265.234
Value: 2048
Value: 265.234
Value: 4
Value: 265.249
Value: 2048
Time: 0 Memory: 2147483648
Time: 0.001625 Memory: 4194304
Time: 65.2364 Memory: 2147483648
Time: 65.2365 Memory: 4194304
Time: 137.081 Memory: 2147483648
Time: 137.083 Memory: 4194304
Time: 151.487 Memory: 2147483648
Time: 151.487 Memory: 4194304
Time: 167.044 Memory: 2147483648
Time: 167.045 Memory: 4194304
Time: 171.353 Memory: 2147483648
Time: 171.353 Memory: 4194304
Time: 175.637 Memory: 2147483648
Time: 175.638 Memory: 4194304
Time: 176.724 Memory: 2147483648
Time: 176.724 Memory: 4194304
Time: 177.845 Memory: 2147483648
Time: 177.845 Memory: 4194304
Time: 178.095 Memory: 2147483648
Time: 178.095 Memory: 4194304
Time: 178.361 Memory: 2147483648
Time: 178.361 Memory: 4194304
Time: 178.415 Memory: 2147483648
Time: 178.415 Memory: 4194304
Time: 178.467 Memory: 2147483648
Time: 178.54 Memory: 4194304
Time: 178.613 Memory: 2147483648
Time: 178.613 Memory: 4194304
Time: 178.673 Memory: 2147483648
Time: 178.673 Memory: 4194304
Time: 178.689 Memory: 2147483648
Time: 178.689 Memory: 4194304
Time: 178.704 Memory: 2147483648
Time: 178.732 Memory: 4194304
Time: 178.996 Memory: 2147483648
Time: 178.997 Memory: 4194304
Time: 179.281 Memory: 2147483648
Time: 179.281 Memory: 4194304
Time: 179.356 Memory: 2147483648
Time: 179.356 Memory: 4194304
Time: 179.434 Memory: 2147483648
Time: 179.435 Memory: 4194304
Time: 179.452 Memory: 2147483648
Time: 179.452 Memory: 4194304
Time: 179.47 Memory: 2147483648
Time: 179.486 Memory: 4194304
Time: 179.505 Memory: 2147483648
Time: 179.505 Memory: 4194304
Time: 179.522 Memory: 2147483648
Time: 179.539 Memory: 4194304
Time: 179.607 Memory: 2147483648
Time: 179.608 Memory: 4194304
Time: 179.676 Memory: 2147483648
Time: 179.676 Memory: 4194304
Time: 179.693 Memory: 2147483648
Time: 179.693 Memory: 4194304
Time: 179.71 Memory: 2147483648
Time: 179.741 Memory: 4194304
Time: 180.754 Memory: 2147483648
Time: 180.754 Memory: 4194304
Time: 181.78 Memory: 2147483648
Time: 181.78 Memory: 4194304
Time: 182.056 Memory: 2147483648
Time: 182.056 Memory: 4194304
Time: 182.336 Memory: 2147483648
Time: 182.336 Memory: 4194304
Time: 182.405 Memory: 2147483648
Time: 182.405 Memory: 4194304
Time: 182.475 Memory: 2147483648
Time: 182.475 Memory: 4194304
Time: 182.491 Memory: 2147483648
Time: 182.491 Memory: 4194304
Time: 182.507 Memory: 2147483648
Time: 182.522 Memory: 4194304
Time: 182.544 Memory: 2147483648
Time: 182.544 Memory: 4194304
Time: 182.563 Memory: 2147483648
Time: 182.579 Memory: 4194304
Time: 182.647 Memory: 2147483648
Time: 182.647 Memory: 4194304
Time: 182.716 Memory: 2147483648
Time: 182.716 Memory: 4194304
Time: 182.736 Memory: 2147483648
Time: 182.737 Memory: 4194304
Time: 182.757 Memory: 2147483648
Time: 182.794 Memory: 4194304
Time: 183.039 Memory: 2147483648
Time: 183.039 Memory: 4194304
Time: 183.281 Memory: 2147483648
Time: 183.281 Memory: 4194304
Time: 183.337 Memory: 2147483648
Time: 183.337 Memory: 4194304
Time: 183.393 Memory: 2147483648
Time: 183.435 Memory: 4194304
Time: 183.501 Memory: 2147483648
Time: 183.501 Memory: 4194304
Time: 183.558 Memory: 2147483648
Time: 183.598 Memory: 4194304
Time: 188.336 Memory: 2147483648
Time: 188.337 Memory: 4194304
Time: 193.011 Memory: 2147483648
Time: 193.012 Memory: 4194304
Time: 194.215 Memory: 2147483648
Time: 194.215 Memory: 4194304
Time: 195.504 Memory: 2147483648
Time: 195.505 Memory: 4194304
Time: 195.831 Memory: 2147483648
Time: 195.831 Memory: 4194304
Time: 196.199 Memory: 2147483648
Time: 196.199 Memory: 4194304
Time: 196.362 Memory: 2147483648
Time: 196.362 Memory: 4194304
Time: 196.462 Memory: 2147483648
Time: 196.462 Memory: 4194304
Time: 196.485 Memory: 2147483648
Time: 196.485 Memory: 4194304
Time: 196.507 Memory: 2147483648
Time: 196.522 Memory: 4194304
Time: 196.542 Memory: 2147483648
Time: 196.542 Memory: 4194304
Time: 196.561 Memory: 2147483648
Time: 196.574 Memory: 4194304
Time: 196.647 Memory: 2147483648
Time: 196.647 Memory: 4194304
Time: 196.728 Memory: 2147483648
Time: 196.728 Memory: 4194304
Time: 196.751 Memory: 2147483648
Time: 196.751 Memory: 4194304
Time: 196.772 Memory: 2147483648
Time: 196.813 Memory: 4194304
Time: 197.106 Memory: 2147483648
Time: 197.106 Memory: 4194304
Time: 197.417 Memory: 2147483648
Time: 197.417 Memory: 4194304
Time: 197.498 Memory: 2147483648
Time: 197.498 Memory: 4194304
Time: 197.568 Memory: 2147483648
Time: 197.568 Memory: 4194304
Time: 197.586 Memory: 2147483648
Time: 197.587 Memory: 4194304
Time: 197.605 Memory: 2147483648
Time: 197.638 Memory: 4194304
Time: 197.709 Memory: 2147483648
Time: 197.709 Memory: 4194304
Time: 197.789 Memory: 2147483648
Time: 197.789 Memory: 4194304
Time: 197.809 Memory: 2147483648
Time: 197.809 Memory: 4194304
Time: 197.835 Memory: 2147483648
Time: 197.851 Memory: 4194304
Time: 197.874 Memory: 2147483648
Time: 197.874 Memory: 4194304
Time: 197.897 Memory: 2147483648
Time: 197.911 Memory: 4194304
Time: 199.043 Memory: 2147483648
Time: 199.043 Memory: 4194304
Time: 200.251 Memory: 2147483648
Time: 200.251 Memory: 4194304
Time: 200.523 Memory: 2147483648
Time: 200.523 Memory: 4194304
Time: 200.784 Memory: 2147483648
Time: 200.785 Memory: 4194304
Time: 200.845 Memory: 2147483648
Time: 200.845 Memory: 4194304
Time: 200.903 Memory: 2147483648
Time: 200.945 Memory: 4194304
Time: 201.019 Memory: 2147483648
Time: 201.019 Memory: 4194304
Time: 201.094 Memory: 2147483648
Time: 201.094 Memory: 4194304
Time: 201.112 Memory: 2147483648
Time: 201.112 Memory: 4194304
Time: 201.132 Memory: 2147483648
Time: 201.145 Memory: 4194304
Time: 201.163 Memory: 2147483648
Time: 201.163 Memory: 4194304
Time: 201.181 Memory: 2147483648
Time: 201.197 Memory: 4194304
Time: 201.465 Memory: 2147483648
Time: 201.465 Memory: 4194304
Time: 201.729 Memory: 2147483648
Time: 201.73 Memory: 4194304
Time: 201.793 Memory: 2147483648
Time: 201.793 Memory: 4194304
Time: 201.856 Memory: 2147483648
Time: 201.878 Memory: 4194304
Time: 201.896 Memory: 2147483648
Time: 201.896 Memory: 4194304
Time: 201.914 Memory: 2147483648
Time: 201.928 Memory: 4194304
Time: 201.997 Memory: 2147483648
Time: 201.998 Memory: 4194304
Time: 202.067 Memory: 2147483648
Time: 202.067 Memory: 4194304
Time: 202.084 Memory: 2147483648
Time: 202.084 Memory: 4194304
Time: 202.101 Memory: 2147483648
Time: 202.114 Memory: 4194304
Time: 202.132 Memory: 2147483648
Time: 202.132 Memory: 4194304
Time: 202.149 Memory: 2147483648
Time: 202.164 Memory: 4194304
Time: 220.084 Memory: 2147483648
Time: 220.084 Memory: 4194304
Time: 232.419 Memory: 2147483648
Time: 232.42 Memory: 4194304
Time: 237.286 Memory: 2147483648
Time: 237.286 Memory: 4194304
Time: 241.604 Memory: 2147483648
Time: 241.605 Memory: 4194304
Time: 242.624 Memory: 2147483648
Time: 242.624 Memory: 4194304
Time: 243.616 Memory: 2147483648
Time: 243.617 Memory: 4194304
Time: 243.879 Memory: 2147483648
Time: 243.879 Memory: 4194304
Time: 244.138 Memory: 2147483648
Time: 244.138 Memory: 4194304
Time: 244.194 Memory: 2147483648
Time: 244.194 Memory: 4194304
Time: 244.254 Memory: 2147483648
Time: 244.254 Memory: 4194304
Time: 244.27 Memory: 2147483648
Time: 244.27 Memory: 4194304
Time: 244.287 Memory: 2147483648
Time: 244.317 Memory: 4194304
Time: 244.381 Memory: 2147483648
Time: 244.381 Memory: 4194304
Time: 244.452 Memory: 2147483648
Time: 244.471 Memory: 4194304
Time: 244.487 Memory: 2147483648
Time: 244.487 Memory: 4194304
Time: 244.502 Memory: 2147483648
Time: 244.513 Memory: 4194304
Time: 244.751 Memory: 2147483648
Time: 244.752 Memory: 4194304
Time: 245.006 Memory: 2147483648
Time: 245.006 Memory: 4194304
Time: 245.063 Memory: 2147483648
Time: 245.063 Memory: 4194304
Time: 245.118 Memory: 2147483648
Time: 245.118 Memory: 4194304
Time: 245.135 Memory: 2147483648
Time: 245.135 Memory: 4194304
Time: 245.152 Memory: 2147483648
Time: 245.179 Memory: 4194304
Time: 245.244 Memory: 2147483648
Time: 245.244 Memory: 4194304
Time: 245.313 Memory: 2147483648
Time: 245.313 Memory: 4194304
Time: 245.329 Memory: 2147483648
Time: 245.329 Memory: 4194304
Time: 245.347 Memory: 2147483648
Time: 245.361 Memory: 4194304
Time: 245.376 Memory: 2147483648
Time: 245.377 Memory: 4194304
Time: 245.393 Memory: 2147483648
Time: 245.405 Memory: 4194304
Time: 246.388 Memory: 2147483648
Time: 246.388 Memory: 4194304
Time: 247.361 Memory: 2147483648
Time: 247.362 Memory: 4194304
Time: 247.623 Memory: 2147483648
Time: 247.623 Memory: 4194304
Time: 247.848 Memory: 2147483648
Time: 247.848 Memory: 4194304
Time: 247.909 Memory: 2147483648
Time: 247.91 Memory: 4194304
Time: 247.968 Memory: 2147483648
Time: 247.989 Memory: 4194304
Time: 248.003 Memory: 2147483648
Time: 248.003 Memory: 4194304
Time: 248.016 Memory: 2147483648
Time: 248.026 Memory: 4194304
Time: 248.084 Memory: 2147483648
Time: 248.084 Memory: 4194304
Time: 248.142 Memory: 2147483648
Time: 248.16 Memory: 4194304
Time: 248.175 Memory: 2147483648
Time: 248.175 Memory: 4194304
Time: 248.188 Memory: 2147483648
Time: 248.197 Memory: 4194304
Time: 248.414 Memory: 2147483648
Time: 248.414 Memory: 4194304
Time: 248.633 Memory: 2147483648
Time: 248.633 Memory: 4194304
Time: 248.693 Memory: 2147483648
Time: 248.693 Memory: 4194304
Time: 248.75 Memory: 2147483648
Time: 248.75 Memory: 4194304
Time: 248.765 Memory: 2147483648
Time: 248.765 Memory: 4194304
Time: 248.781 Memory: 2147483648
Time: 248.81 Memory: 4194304
Time: 248.867 Memory: 2147483648
Time: 248.867 Memory: 4194304
Time: 248.925 Memory: 2147483648
Time: 248.964 Memory: 4194304
Time: 253.151 Memory: 2147483648
Time: 253.151 Memory: 4194304
Time: 257.315 Memory: 2147483648
Time: 257.315 Memory: 4194304
Time: 258.379 Memory: 2147483648
Time: 258.379 Memory: 4194304
Time: 259.466 Memory: 2147483648
Time: 259.466 Memory: 4194304
Time: 259.757 Memory: 2147483648
Time: 259.757 Memory: 4194304
Time: 260.064 Memory: 2147483648
Time: 260.064 Memory: 4194304
Time: 260.128 Memory: 2147483648
Time: 260.128 Memory: 4194304
Time: 260.193 Memory: 2147483648
Time: 260.193 Memory: 4194304
Time: 260.207 Memory: 2147483648
Time: 260.207 Memory: 4194304
Time: 260.221 Memory: 2147483648
Time: 260.23 Memory: 4194304
Time: 260.248 Memory: 2147483648
Time: 260.248 Memory: 4194304
Time: 260.266 Memory: 2147483648
Time: 260.279 Memory: 4194304
Time: 260.345 Memory: 2147483648
Time: 260.345 Memory: 4194304
Time: 260.416 Memory: 2147483648
Time: 260.417 Memory: 4194304
Time: 260.432 Memory: 2147483648
Time: 260.433 Memory: 4194304
Time: 260.448 Memory: 2147483648
Time: 260.459 Memory: 4194304
Time: 260.476 Memory: 2147483648
Time: 260.476 Memory: 4194304
Time: 260.493 Memory: 2147483648
Time: 260.504 Memory: 4194304
Time: 260.77 Memory: 2147483648
Time: 260.77 Memory: 4194304
Time: 261.036 Memory: 2147483648
Time: 261.036 Memory: 4194304
Time: 261.1 Memory: 2147483648
Time: 261.1 Memory: 4194304
Time: 261.163 Memory: 2147483648
Time: 261.163 Memory: 4194304
Time: 261.18 Memory: 2147483648
Time: 261.18 Memory: 4194304
Time: 261.195 Memory: 2147483648
Time: 261.207 Memory: 4194304
Time: 261.223 Memory: 2147483648
Time: 261.223 Memory: 4194304
Time: 261.239 Memory: 2147483648
Time: 261.251 Memory: 4194304
Time: 261.314 Memory: 2147483648
Time: 261.314 Memory: 4194304
Time: 261.375 Memory: 2147483648
Time: 261.393 Memory: 4194304
Time: 261.409 Memory: 2147483648
Time: 261.41 Memory: 4194304
Time: 261.425 Memory: 2147483648
Time: 261.437 Memory: 4194304
Time: 262.438 Memory: 2147483648
Time: 262.438 Memory: 4194304
Time: 263.467 Memory: 2147483648
Time: 263.467 Memory: 4194304
Time: 263.729 Memory: 2147483648
Time: 263.729 Memory: 4194304
Time: 264.022 Memory: 2147483648
Time: 264.022 Memory: 4194304
Time: 264.093 Memory: 2147483648
Time: 264.093 Memory: 4194304
Time: 264.159 Memory: 2147483648
Time: 264.178 Memory: 4194304
Time: 264.194 Memory: 2147483648
Time: 264.194 Memory: 4194304
Time: 264.209 Memory: 2147483648
Time: 264.22 Memory: 4194304
Time: 264.277 Memory: 2147483648
Time: 264.278 Memory: 4194304
Time: 264.333 Memory: 2147483648
Time: 264.333 Memory: 4194304
Time: 264.348 Memory: 2147483648
Time: 264.349 Memory: 4194304
Time: 264.364 Memory: 2147483648
Time: 264.397 Memory: 4194304
Time: 264.657 Memory: 2147483648
Time: 264.657 Memory: 4194304
Time: 264.904 Memory: 2147483648
Time: 264.904 Memory: 4194304
Time: 264.959 Memory: 2147483648
Time: 264.959 Memory: 4194304
Time: 265.013 Memory: 2147483648
Time: 265.027 Memory: 4194304
Time: 265.043 Memory: 2147483648
Time: 265.043 Memory: 4194304
Time: 265.059 Memory: 2147483648
Time: 265.071 Memory: 4194304
Time: 265.135 Memory: 2147483648
Time: 265.135 Memory: 4194304
Time: 265.199 Memory: 2147483648
Time: 265.218 Memory: 4194304
Time: 265.234 Memory: 2147483648
Time: 265.234 Memory: 4194304
Time: 265.249 Memory: 2147483648
2147483648 2147483648
Each balloon is mmapping 50
cgroup memory 2147483648, target memory 2147483648
num balloons 1
Time 5.5317e-05s reached. Changing memory.
value stored in times array: 0
2147483648 2147483648
Changing memory to (bytes): 2147483648 (Balloon size: 50)
Done changing memory 50
Time 0.00163178s reached. Changing memory.
value stored in times array: 0.001625
2147483648 4194304
Changing memory to (bytes): 4194304 (Balloon size: 2143027200)
Done changing memory 2143027200
Time 65.2368s reached. Changing memory.
value stored in times array: 65.2364
2147483648 2147483648
Changing memory to (bytes): 2147483648 (Balloon size: 50)
Done changing memory 50
Time 67.2757s reached. Changing memory.
value stored in times array: 65.2365
2147483648 4194304
Changing memory to (bytes): 4194304 (Balloon size: 2143027200)
Done changing memory 2143027200
Time 137.087s reached. Changing memory.
value stored in times array: 137.081
2147483648 2147483648
Changing memory to (bytes): 2147483648 (Balloon size: 50)
Done changing memory 50
Time 139.372s reached. Changing memory.
value stored in times array: 137.083
2147483648 4194304
Changing memory to (bytes): 4194304 (Balloon size: 2143027200)
Done changing memory 2143027200
Time 151.519s reached. Changing memory.
value stored in times array: 151.487
2147483648 2147483648
Changing memory to (bytes): 2147483648 (Balloon size: 50)
Done changing memory 50
Time 153.938s reached. Changing memory.
value stored in times array: 151.487
2147483648 4194304
Changing memory to (bytes): 4194304 (Balloon size: 2143027200)
Done changing memory 2143027200
Time 167.045s reached. Changing memory.
value stored in times array: 167.044
2147483648 2147483648
Changing memory to (bytes): 2147483648 (Balloon size: 50)
Done changing memory 50
Time 169.22s reached. Changing memory.
value stored in times array: 167.045
2147483648 4194304
Changing memory to (bytes): 4194304 (Balloon size: 2143027200)
Done changing memory 2143027200
Time 171.353s reached. Changing memory.
value stored in times array: 171.353
2147483648 2147483648
Changing memory to (bytes): 2147483648 (Balloon size: 50)
Done changing memory 50
Time 172.129s reached. Changing memory.
value stored in times array: 171.353
2147483648 4194304
Changing memory to (bytes): 4194304 (Balloon size: 2143027200)
Done changing memory 2143027200
Time 175.637s reached. Changing memory.
value stored in times array: 175.637
2147483648 2147483648
Changing memory to (bytes): 2147483648 (Balloon size: 50)
Done changing memory 50
Time 176.531s reached. Changing memory.
value stored in times array: 175.638
2147483648 4194304
Changing memory to (bytes): 4194304 (Balloon size: 2143027200)
Done changing memory 2143027200
Time 176.724s reached. Changing memory.
value stored in times array: 176.724
2147483648 2147483648
Changing memory to (bytes): 2147483648 (Balloon size: 50)
Done changing memory 50
Time 176.799s reached. Changing memory.
value stored in times array: 176.724
2147483648 4194304
Changing memory to (bytes): 4194304 (Balloon size: 2143027200)
Done changing memory 2143027200
Time 177.845s reached. Changing memory.
value stored in times array: 177.845
2147483648 2147483648
Changing memory to (bytes): 2147483648 (Balloon size: 50)
Done changing memory 50
Time 178.237s reached. Changing memory.
value stored in times array: 177.845
2147483648 4194304
Changing memory to (bytes): 4194304 (Balloon size: 2143027200)
Done changing memory 2143027200
Time 178.237s reached. Changing memory.
value stored in times array: 178.095
2147483648 2147483648
Changing memory to (bytes): 2147483648 (Balloon size: 50)
Done changing memory 50
Time 178.238s reached. Changing memory.
value stored in times array: 178.095
2147483648 4194304
Changing memory to (bytes): 4194304 (Balloon size: 2143027200)
Done changing memory 2143027200
Time 178.361s reached. Changing memory.
value stored in times array: 178.361
2147483648 2147483648
Changing memory to (bytes): 2147483648 (Balloon size: 50)
Done changing memory 50
Time 178.412s reached. Changing memory.
value stored in times array: 178.361
2147483648 4194304
Changing memory to (bytes): 4194304 (Balloon size: 2143027200)
Done changing memory 2143027200
Time 178.415s reached. Changing memory.
value stored in times array: 178.415
2147483648 2147483648
Changing memory to (bytes): 2147483648 (Balloon size: 50)
Done changing memory 50
Time 178.417s reached. Changing memory.
value stored in times array: 178.415
2147483648 4194304
Changing memory to (bytes): 4194304 (Balloon size: 2143027200)
Done changing memory 2143027200
Time 178.468s reached. Changing memory.
value stored in times array: 178.467
2147483648 2147483648
Changing memory to (bytes): 2147483648 (Balloon size: 50)
Done changing memory 50
Time 178.54s reached. Changing memory.
value stored in times array: 178.54
2147483648 4194304
Changing memory to (bytes): 4194304 (Balloon size: 2143027200)
Done changing memory 2143027200
Time 178.613s reached. Changing memory.
value stored in times array: 178.613
2147483648 2147483648
Changing memory to (bytes): 2147483648 (Balloon size: 50)
Done changing memory 50
Time 178.641s reached. Changing memory.
value stored in times array: 178.613
2147483648 4194304
Changing memory to (bytes): 4194304 (Balloon size: 2143027200)
Done changing memory 2143027200
Time 178.673s reached. Changing memory.
value stored in times array: 178.673
2147483648 2147483648
Changing memory to (bytes): 2147483648 (Balloon size: 50)
Done changing memory 50
Time 178.686s reached. Changing memory.
value stored in times array: 178.673
2147483648 4194304
Changing memory to (bytes): 4194304 (Balloon size: 2143027200)
Done changing memory 2143027200
Time 178.689s reached. Changing memory.
value stored in times array: 178.689
2147483648 2147483648
Changing memory to (bytes): 2147483648 (Balloon size: 50)
Done changing memory 50
Time 178.69s reached. Changing memory.
value stored in times array: 178.689
2147483648 4194304
Changing memory to (bytes): 4194304 (Balloon size: 2143027200)
Done changing memory 2143027200
Time 178.704s reached. Changing memory.
value stored in times array: 178.704
2147483648 2147483648
Changing memory to (bytes): 2147483648 (Balloon size: 50)
Done changing memory 50
Time 178.732s reached. Changing memory.
value stored in times array: 178.732
2147483648 4194304
Changing memory to (bytes): 4194304 (Balloon size: 2143027200)
Done changing memory 2143027200
Time 178.996s reached. Changing memory.
value stored in times array: 178.996
2147483648 2147483648
Changing memory to (bytes): 2147483648 (Balloon size: 50)
Done changing memory 50
Time 179.101s reached. Changing memory.
value stored in times array: 178.997
2147483648 4194304
Changing memory to (bytes): 4194304 (Balloon size: 2143027200)
Done changing memory 2143027200
Time 179.281s reached. Changing memory.
value stored in times array: 179.281
2147483648 2147483648
Changing memory to (bytes): 2147483648 (Balloon size: 50)
Done changing memory 50
Time 179.352s reached. Changing memory.
value stored in times array: 179.281
2147483648 4194304
Changing memory to (bytes): 4194304 (Balloon size: 2143027200)
Done changing memory 2143027200
Time 179.356s reached. Changing memory.
value stored in times array: 179.356
2147483648 2147483648
Changing memory to (bytes): 2147483648 (Balloon size: 50)
Done changing memory 50
Time 179.358s reached. Changing memory.
value stored in times array: 179.356
2147483648 4194304
Changing memory to (bytes): 4194304 (Balloon size: 2143027200)
Done changing memory 2143027200
Time 179.434s reached. Changing memory.
value stored in times array: 179.434
2147483648 2147483648
Changing memory to (bytes): 2147483648 (Balloon size: 50)
Done changing memory 50
Time 179.468s reached. Changing memory.
value stored in times array: 179.435
2147483648 4194304
Changing memory to (bytes): 4194304 (Balloon size: 2143027200)
Done changing memory 2143027200
Time 179.469s reached. Changing memory.
value stored in times array: 179.452
2147483648 2147483648
Changing memory to (bytes): 2147483648 (Balloon size: 50)
Done changing memory 50
Time 179.469s reached. Changing memory.
value stored in times array: 179.452
2147483648 4194304
Changing memory to (bytes): 4194304 (Balloon size: 2143027200)
Done changing memory 2143027200
Time 179.47s reached. Changing memory.
value stored in times array: 179.47
2147483648 2147483648
Changing memory to (bytes): 2147483648 (Balloon size: 50)
Done changing memory 50
Time 179.486s reached. Changing memory.
value stored in times array: 179.486
2147483648 4194304
Changing memory to (bytes): 4194304 (Balloon size: 2143027200)
Done changing memory 2143027200
Time 179.505s reached. Changing memory.
value stored in times array: 179.505
2147483648 2147483648
Changing memory to (bytes): 2147483648 (Balloon size: 50)
Done changing memory 50
Time 179.512s reached. Changing memory.
value stored in times array: 179.505
2147483648 4194304
Changing memory to (bytes): 4194304 (Balloon size: 2143027200)
Done changing memory 2143027200
Time 179.522s reached. Changing memory.
value stored in times array: 179.522
2147483648 2147483648
Changing memory to (bytes): 2147483648 (Balloon size: 50)
Done changing memory 50
Time 179.539s reached. Changing memory.
value stored in times array: 179.539
2147483648 4194304
Changing memory to (bytes): 4194304 (Balloon size: 2143027200)
Done changing memory 2143027200
Time 179.608s reached. Changing memory.
value stored in times array: 179.607
2147483648 2147483648
Changing memory to (bytes): 2147483648 (Balloon size: 50)
Done changing memory 50
Time 179.637s reached. Changing memory.
value stored in times array: 179.608
2147483648 4194304
Changing memory to (bytes): 4194304 (Balloon size: 2143027200)
Done changing memory 2143027200
Time 179.676s reached. Changing memory.
value stored in times array: 179.676
2147483648 2147483648
Changing memory to (bytes): 2147483648 (Balloon size: 50)
Done changing memory 50
Time 179.691s reached. Changing memory.
value stored in times array: 179.676
2147483648 4194304
Changing memory to (bytes): 4194304 (Balloon size: 2143027200)
Done changing memory 2143027200
Time 179.693s reached. Changing memory.
value stored in times array: 179.693
2147483648 2147483648
Changing memory to (bytes): 2147483648 (Balloon size: 50)
Done changing memory 50
Time 179.693s reached. Changing memory.
value stored in times array: 179.693
2147483648 4194304
Changing memory to (bytes): 4194304 (Balloon size: 2143027200)
Done changing memory 2143027200
Time 179.71s reached. Changing memory.
value stored in times array: 179.71
2147483648 2147483648
Changing memory to (bytes): 2147483648 (Balloon size: 50)
Done changing memory 50
Time 179.741s reached. Changing memory.
value stored in times array: 179.741
2147483648 4194304
Changing memory to (bytes): 4194304 (Balloon size: 2143027200)
Done changing memory 2143027200
Time 180.754s reached. Changing memory.
value stored in times array: 180.754
2147483648 2147483648
Changing memory to (bytes): 2147483648 (Balloon size: 50)
Done changing memory 50
Time 181.101s reached. Changing memory.
value stored in times array: 180.754
2147483648 4194304
Changing memory to (bytes): 4194304 (Balloon size: 2143027200)
Done changing memory 2143027200
Time 181.78s reached. Changing memory.
value stored in times array: 181.78
2147483648 2147483648
Changing memory to (bytes): 2147483648 (Balloon size: 50)
Done changing memory 50
Time 182.1s reached. Changing memory.
value stored in times array: 181.78
2147483648 4194304
Changing memory to (bytes): 4194304 (Balloon size: 2143027200)
Done changing memory 2143027200
Time 182.1s reached. Changing memory.
value stored in times array: 182.056
2147483648 2147483648
Changing memory to (bytes): 2147483648 (Balloon size: 50)
Done changing memory 50
Time 182.101s reached. Changing memory.
value stored in times array: 182.056
2147483648 4194304
Changing memory to (bytes): 4194304 (Balloon size: 2143027200)
Done changing memory 2143027200
Time 182.336s reached. Changing memory.
value stored in times array: 182.336
2147483648 2147483648
Changing memory to (bytes): 2147483648 (Balloon size: 50)
Done changing memory 50
Time 182.43s reached. Changing memory.
value stored in times array: 182.336
2147483648 4194304
Changing memory to (bytes): 4194304 (Balloon size: 2143027200)
Done changing memory 2143027200
Time 182.431s reached. Changing memory.
value stored in times array: 182.405
2147483648 2147483648
Changing memory to (bytes): 2147483648 (Balloon size: 50)
Done changing memory 50
Time 182.432s reached. Changing memory.
value stored in times array: 182.405
2147483648 4194304
Changing memory to (bytes): 4194304 (Balloon size: 2143027200)
Done changing memory 2143027200
Time 182.475s reached. Changing memory.
value stored in times array: 182.475
2147483648 2147483648
Changing memory to (bytes): 2147483648 (Balloon size: 50)
Done changing memory 50
Time 182.488s reached. Changing memory.
value stored in times array: 182.475
2147483648 4194304
Changing memory to (bytes): 4194304 (Balloon size: 2143027200)
Done changing memory 2143027200
Time 182.491s reached. Changing memory.
value stored in times array: 182.491
2147483648 2147483648
Changing memory to (bytes): 2147483648 (Balloon size: 50)
Done changing memory 50
Time 182.493s reached. Changing memory.
value stored in times array: 182.491
2147483648 4194304
Changing memory to (bytes): 4194304 (Balloon size: 2143027200)
Done changing memory 2143027200
Time 182.509s reached. Changing memory.
value stored in times array: 182.507
2147483648 2147483648
Changing memory to (bytes): 2147483648 (Balloon size: 50)
Done changing memory 50
Time 182.522s reached. Changing memory.
value stored in times array: 182.522
2147483648 4194304
Changing memory to (bytes): 4194304 (Balloon size: 2143027200)
Done changing memory 2143027200
Time 182.544s reached. Changing memory.
value stored in times array: 182.544
2147483648 2147483648
Changing memory to (bytes): 2147483648 (Balloon size: 50)
Done changing memory 50
Time 182.549s reached. Changing memory.
value stored in times array: 182.544
2147483648 4194304
Changing memory to (bytes): 4194304 (Balloon size: 2143027200)
Done changing memory 2143027200
Time 182.563s reached. Changing memory.
value stored in times array: 182.563
2147483648 2147483648
Changing memory to (bytes): 2147483648 (Balloon size: 50)
Done changing memory 50
Time 182.579s reached. Changing memory.
value stored in times array: 182.579
2147483648 4194304
Changing memory to (bytes): 4194304 (Balloon size: 2143027200)
Done changing memory 2143027200
Time 182.647s reached. Changing memory.
value stored in times array: 182.647
2147483648 2147483648
Changing memory to (bytes): 2147483648 (Balloon size: 50)
Done changing memory 50
Time 182.678s reached. Changing memory.
value stored in times array: 182.647
2147483648 4194304
Changing memory to (bytes): 4194304 (Balloon size: 2143027200)
Done changing memory 2143027200
Time 182.716s reached. Changing memory.
value stored in times array: 182.716
2147483648 2147483648
Changing memory to (bytes): 2147483648 (Balloon size: 50)
Done changing memory 50
Time 182.73s reached. Changing memory.
value stored in times array: 182.716
2147483648 4194304
Changing memory to (bytes): 4194304 (Balloon size: 2143027200)
Done changing memory 2143027200
Time 182.737s reached. Changing memory.
value stored in times array: 182.736
2147483648 2147483648
Changing memory to (bytes): 2147483648 (Balloon size: 50)
Done changing memory 50
Time 182.739s reached. Changing memory.
value stored in times array: 182.737
2147483648 4194304
Changing memory to (bytes): 4194304 (Balloon size: 2143027200)
Done changing memory 2143027200
Time 182.757s reached. Changing memory.
value stored in times array: 182.757
2147483648 2147483648
Changing memory to (bytes): 2147483648 (Balloon size: 50)
Done changing memory 50
Time 182.794s reached. Changing memory.
value stored in times array: 182.794
2147483648 4194304
Changing memory to (bytes): 4194304 (Balloon size: 2143027200)
Done changing memory 2143027200
Time 183.039s reached. Changing memory.
value stored in times array: 183.039
2147483648 2147483648
Changing memory to (bytes): 2147483648 (Balloon size: 50)
Done changing memory 50
Time 183.129s reached. Changing memory.
value stored in times array: 183.039
2147483648 4194304
Changing memory to (bytes): 4194304 (Balloon size: 2143027200)
Done changing memory 2143027200
Time 183.281s reached. Changing memory.
value stored in times array: 183.281
2147483648 2147483648
Changing memory to (bytes): 2147483648 (Balloon size: 50)
Done changing memory 50
Time 183.336s reached. Changing memory.
value stored in times array: 183.281
2147483648 4194304
Changing memory to (bytes): 4194304 (Balloon size: 2143027200)
Done changing memory 2143027200
Time 183.337s reached. Changing memory.
value stored in times array: 183.337
2147483648 2147483648
Changing memory to (bytes): 2147483648 (Balloon size: 50)
Done changing memory 50
Time 183.338s reached. Changing memory.
value stored in times array: 183.337
2147483648 4194304
Changing memory to (bytes): 4194304 (Balloon size: 2143027200)
Done changing memory 2143027200
Time 183.393s reached. Changing memory.
value stored in times array: 183.393
2147483648 2147483648
Changing memory to (bytes): 2147483648 (Balloon size: 50)
Done changing memory 50
Time 183.435s reached. Changing memory.
value stored in times array: 183.435
2147483648 4194304
Changing memory to (bytes): 4194304 (Balloon size: 2143027200)
Done changing memory 2143027200
Time 183.501s reached. Changing memory.
value stored in times array: 183.501
2147483648 2147483648
Changing memory to (bytes): 2147483648 (Balloon size: 50)
Done changing memory 50
Time 183.523s reached. Changing memory.
value stored in times array: 183.501
2147483648 4194304
Changing memory to (bytes): 4194304 (Balloon size: 2143027200)
Done changing memory 2143027200
Time 183.558s reached. Changing memory.
value stored in times array: 183.558
2147483648 2147483648
Changing memory to (bytes): 2147483648 (Balloon size: 50)
Done changing memory 50
Time 183.598s reached. Changing memory.
value stored in times array: 183.598
2147483648 4194304
Changing memory to (bytes): 4194304 (Balloon size: 2143027200)
Done changing memory 2143027200
Time 188.337s reached. Changing memory.
value stored in times array: 188.336
2147483648 2147483648
Changing memory to (bytes): 2147483648 (Balloon size: 50)
Done changing memory 50
Time 189.408s reached. Changing memory.
value stored in times array: 188.337
2147483648 4194304
Changing memory to (bytes): 4194304 (Balloon size: 2143027200)
Done changing memory 2143027200
Time 193.019s reached. Changing memory.
value stored in times array: 193.011
2147483648 2147483648
Changing memory to (bytes): 2147483648 (Balloon size: 50)
Done changing memory 50
Time 194.09s reached. Changing memory.
value stored in times array: 193.012
2147483648 4194304
Changing memory to (bytes): 4194304 (Balloon size: 2143027200)
Done changing memory 2143027200
Time 194.215s reached. Changing memory.
value stored in times array: 194.215
2147483648 2147483648
Changing memory to (bytes): 2147483648 (Balloon size: 50)
Done changing memory 50
Time 194.263s reached. Changing memory.
value stored in times array: 194.215
2147483648 4194304
Changing memory to (bytes): 4194304 (Balloon size: 2143027200)
Done changing memory 2143027200
Time 195.504s reached. Changing memory.
value stored in times array: 195.504
2147483648 2147483648
Changing memory to (bytes): 2147483648 (Balloon size: 50)
Done changing memory 50
Time 195.894s reached. Changing memory.
value stored in times array: 195.505
2147483648 4194304
Changing memory to (bytes): 4194304 (Balloon size: 2143027200)
Done changing memory 2143027200
Time 195.894s reached. Changing memory.
value stored in times array: 195.831
2147483648 2147483648
Changing memory to (bytes): 2147483648 (Balloon size: 50)
Done changing memory 50
Time 195.894s reached. Changing memory.
value stored in times array: 195.831
2147483648 4194304
Changing memory to (bytes): 4194304 (Balloon size: 2143027200)
Done changing memory 2143027200
Time 196.199s reached. Changing memory.
value stored in times array: 196.199
2147483648 2147483648
Changing memory to (bytes): 2147483648 (Balloon size: 50)
Done changing memory 50
Time 196.323s reached. Changing memory.
value stored in times array: 196.199
2147483648 4194304
Changing memory to (bytes): 4194304 (Balloon size: 2143027200)
Done changing memory 2143027200
Time 196.362s reached. Changing memory.
value stored in times array: 196.362
2147483648 2147483648
Changing memory to (bytes): 2147483648 (Balloon size: 50)
Done changing memory 50
Time 196.377s reached. Changing memory.
value stored in times array: 196.362
2147483648 4194304
Changing memory to (bytes): 4194304 (Balloon size: 2143027200)
Done changing memory 2143027200
Time 196.462s reached. Changing memory.
value stored in times array: 196.462
2147483648 2147483648
Changing memory to (bytes): 2147483648 (Balloon size: 50)
Done changing memory 50
Time 196.494s reached. Changing memory.
value stored in times array: 196.462
2147483648 4194304
Changing memory to (bytes): 4194304 (Balloon size: 2143027200)
Done changing memory 2143027200
Time 196.495s reached. Changing memory.
value stored in times array: 196.485
2147483648 2147483648
Changing memory to (bytes): 2147483648 (Balloon size: 50)
Done changing memory 50
Time 196.495s reached. Changing memory.
value stored in times array: 196.485
2147483648 4194304
Changing memory to (bytes): 4194304 (Balloon size: 2143027200)
Done changing memory 2143027200
Time 196.507s reached. Changing memory.
value stored in times array: 196.507
2147483648 2147483648
Changing memory to (bytes): 2147483648 (Balloon size: 50)
Done changing memory 50
Time 196.522s reached. Changing memory.
value stored in times array: 196.522
2147483648 4194304
Changing memory to (bytes): 4194304 (Balloon size: 2143027200)
Done changing memory 2143027200
Time 196.542s reached. Changing memory.
value stored in times array: 196.542
2147483648 2147483648
Changing memory to (bytes): 2147483648 (Balloon size: 50)
Done changing memory 50
Time 196.55s reached. Changing memory.
value stored in times array: 196.542
2147483648 4194304
Changing memory to (bytes): 4194304 (Balloon size: 2143027200)
Done changing memory 2143027200
Time 196.561s reached. Changing memory.
value stored in times array: 196.561
2147483648 2147483648
Changing memory to (bytes): 2147483648 (Balloon size: 50)
Done changing memory 50
Time 196.574s reached. Changing memory.
value stored in times array: 196.574
2147483648 4194304
Changing memory to (bytes): 4194304 (Balloon size: 2143027200)
Done changing memory 2143027200
Time 196.647s reached. Changing memory.
value stored in times array: 196.647
2147483648 2147483648
Changing memory to (bytes): 2147483648 (Balloon size: 50)
Done changing memory 50
Time 196.676s reached. Changing memory.
value stored in times array: 196.647
2147483648 4194304
Changing memory to (bytes): 4194304 (Balloon size: 2143027200)
Done changing memory 2143027200
Time 196.728s reached. Changing memory.
value stored in times array: 196.728
2147483648 2147483648
Changing memory to (bytes): 2147483648 (Balloon size: 50)
Done changing memory 50
Time 196.748s reached. Changing memory.
value stored in times array: 196.728
2147483648 4194304
Changing memory to (bytes): 4194304 (Balloon size: 2143027200)
Done changing memory 2143027200
Time 196.751s reached. Changing memory.
value stored in times array: 196.751
2147483648 2147483648
Changing memory to (bytes): 2147483648 (Balloon size: 50)
Done changing memory 50
Time 196.753s reached. Changing memory.
value stored in times array: 196.751
2147483648 4194304
Changing memory to (bytes): 4194304 (Balloon size: 2143027200)
Done changing memory 2143027200
Time 196.772s reached. Changing memory.
value stored in times array: 196.772
2147483648 2147483648
Changing memory to (bytes): 2147483648 (Balloon size: 50)
Done changing memory 50
Time 196.813s reached. Changing memory.
value stored in times array: 196.813
2147483648 4194304
Changing memory to (bytes): 4194304 (Balloon size: 2143027200)
Done changing memory 2143027200
Time 197.106s reached. Changing memory.
value stored in times array: 197.106
2147483648 2147483648
Changing memory to (bytes): 2147483648 (Balloon size: 50)
Done changing memory 50
Time 197.223s reached. Changing memory.
value stored in times array: 197.106
2147483648 4194304
Changing memory to (bytes): 4194304 (Balloon size: 2143027200)
Done changing memory 2143027200
Time 197.417s reached. Changing memory.
value stored in times array: 197.417
2147483648 2147483648
Changing memory to (bytes): 2147483648 (Balloon size: 50)
Done changing memory 50
Time 197.509s reached. Changing memory.
value stored in times array: 197.417
2147483648 4194304
Changing memory to (bytes): 4194304 (Balloon size: 2143027200)
Done changing memory 2143027200
Time 197.509s reached. Changing memory.
value stored in times array: 197.498
2147483648 2147483648
Changing memory to (bytes): 2147483648 (Balloon size: 50)
Done changing memory 50
Time 197.51s reached. Changing memory.
value stored in times array: 197.498
2147483648 4194304
Changing memory to (bytes): 4194304 (Balloon size: 2143027200)
Done changing memory 2143027200
Time 197.568s reached. Changing memory.
value stored in times array: 197.568
2147483648 2147483648
Changing memory to (bytes): 2147483648 (Balloon size: 50)
Done changing memory 50
Time 197.592s reached. Changing memory.
value stored in times array: 197.568
2147483648 4194304
Changing memory to (bytes): 4194304 (Balloon size: 2143027200)
Done changing memory 2143027200
Time 197.592s reached. Changing memory.
value stored in times array: 197.586
2147483648 2147483648
Changing memory to (bytes): 2147483648 (Balloon size: 50)
Done changing memory 50
Time 197.592s reached. Changing memory.
value stored in times array: 197.587
2147483648 4194304
Changing memory to (bytes): 4194304 (Balloon size: 2143027200)
Done changing memory 2143027200
Time 197.605s reached. Changing memory.
value stored in times array: 197.605
2147483648 2147483648
Changing memory to (bytes): 2147483648 (Balloon size: 50)
Done changing memory 50
Time 197.638s reached. Changing memory.
value stored in times array: 197.638
2147483648 4194304
Changing memory to (bytes): 4194304 (Balloon size: 2143027200)
Done changing memory 2143027200
Time 197.709s reached. Changing memory.
value stored in times array: 197.709
2147483648 2147483648
Changing memory to (bytes): 2147483648 (Balloon size: 50)
Done changing memory 50
Time 197.736s reached. Changing memory.
value stored in times array: 197.709
2147483648 4194304
Changing memory to (bytes): 4194304 (Balloon size: 2143027200)
Done changing memory 2143027200
Time 197.789s reached. Changing memory.
value stored in times array: 197.789
2147483648 2147483648
Changing memory to (bytes): 2147483648 (Balloon size: 50)
Done changing memory 50
Time 197.808s reached. Changing memory.
value stored in times array: 197.789
2147483648 4194304
Changing memory to (bytes): 4194304 (Balloon size: 2143027200)
Done changing memory 2143027200
Time 197.809s reached. Changing memory.
value stored in times array: 197.809
2147483648 2147483648
Changing memory to (bytes): 2147483648 (Balloon size: 50)
Done changing memory 50
Time 197.809s reached. Changing memory.
value stored in times array: 197.809
2147483648 4194304
Changing memory to (bytes): 4194304 (Balloon size: 2143027200)
Done changing memory 2143027200
Time 197.835s reached. Changing memory.
value stored in times array: 197.835
2147483648 2147483648
Changing memory to (bytes): 2147483648 (Balloon size: 50)
Done changing memory 50
Time 197.851s reached. Changing memory.
value stored in times array: 197.851
2147483648 4194304
Changing memory to (bytes): 4194304 (Balloon size: 2143027200)
Done changing memory 2143027200
Time 197.874s reached. Changing memory.
value stored in times array: 197.874
2147483648 2147483648
Changing memory to (bytes): 2147483648 (Balloon size: 50)
Done changing memory 50
Time 197.885s reached. Changing memory.
value stored in times array: 197.874
2147483648 4194304
Changing memory to (bytes): 4194304 (Balloon size: 2143027200)
Done changing memory 2143027200
Time 197.898s reached. Changing memory.
value stored in times array: 197.897
2147483648 2147483648
Changing memory to (bytes): 2147483648 (Balloon size: 50)
Done changing memory 50
Time 197.911s reached. Changing memory.
value stored in times array: 197.911
2147483648 4194304
Changing memory to (bytes): 4194304 (Balloon size: 2143027200)
Done changing memory 2143027200
Time 199.043s reached. Changing memory.
value stored in times array: 199.043
2147483648 2147483648
Changing memory to (bytes): 2147483648 (Balloon size: 50)
Done changing memory 50
Time 199.433s reached. Changing memory.
value stored in times array: 199.043
2147483648 4194304
Changing memory to (bytes): 4194304 (Balloon size: 2143027200)
Done changing memory 2143027200
Time 200.251s reached. Changing memory.
value stored in times array: 200.251
2147483648 2147483648
Changing memory to (bytes): 2147483648 (Balloon size: 50)
Done changing memory 50
Time 200.571s reached. Changing memory.
value stored in times array: 200.251
2147483648 4194304
Changing memory to (bytes): 4194304 (Balloon size: 2143027200)
Done changing memory 2143027200
Time 200.571s reached. Changing memory.
value stored in times array: 200.523
2147483648 2147483648
Changing memory to (bytes): 2147483648 (Balloon size: 50)
Done changing memory 50
Time 200.572s reached. Changing memory.
value stored in times array: 200.523
2147483648 4194304
Changing memory to (bytes): 4194304 (Balloon size: 2143027200)
Done changing memory 2143027200
Time 200.784s reached. Changing memory.
value stored in times array: 200.784
2147483648 2147483648
Changing memory to (bytes): 2147483648 (Balloon size: 50)
Done changing memory 50
Time 200.868s reached. Changing memory.
value stored in times array: 200.785
2147483648 4194304
Changing memory to (bytes): 4194304 (Balloon size: 2143027200)
Done changing memory 2143027200
Time 200.868s reached. Changing memory.
value stored in times array: 200.845
2147483648 2147483648
Changing memory to (bytes): 2147483648 (Balloon size: 50)
Done changing memory 50
Time 200.869s reached. Changing memory.
value stored in times array: 200.845
2147483648 4194304
Changing memory to (bytes): 4194304 (Balloon size: 2143027200)
Done changing memory 2143027200
Time 200.903s reached. Changing memory.
value stored in times array: 200.903
2147483648 2147483648
Changing memory to (bytes): 2147483648 (Balloon size: 50)
Done changing memory 50
Time 200.945s reached. Changing memory.
value stored in times array: 200.945
2147483648 4194304
Changing memory to (bytes): 4194304 (Balloon size: 2143027200)
Done changing memory 2143027200
Time 201.019s reached. Changing memory.
value stored in times array: 201.019
2147483648 2147483648
Changing memory to (bytes): 2147483648 (Balloon size: 50)
Done changing memory 50
Time 201.052s reached. Changing memory.
value stored in times array: 201.019
2147483648 4194304
Changing memory to (bytes): 4194304 (Balloon size: 2143027200)
Done changing memory 2143027200
Time 201.094s reached. Changing memory.
value stored in times array: 201.094
2147483648 2147483648
Changing memory to (bytes): 2147483648 (Balloon size: 50)
Done changing memory 50
Time 201.108s reached. Changing memory.
value stored in times array: 201.094
2147483648 4194304
Changing memory to (bytes): 4194304 (Balloon size: 2143027200)
Done changing memory 2143027200
Time 201.112s reached. Changing memory.
value stored in times array: 201.112
2147483648 2147483648
Changing memory to (bytes): 2147483648 (Balloon size: 50)
Done changing memory 50
Time 201.114s reached. Changing memory.
value stored in times array: 201.112
2147483648 4194304
Changing memory to (bytes): 4194304 (Balloon size: 2143027200)
Done changing memory 2143027200
Time 201.132s reached. Changing memory.
value stored in times array: 201.132
2147483648 2147483648
Changing memory to (bytes): 2147483648 (Balloon size: 50)
Done changing memory 50
Time 201.145s reached. Changing memory.
value stored in times array: 201.145
2147483648 4194304
Changing memory to (bytes): 4194304 (Balloon size: 2143027200)
Done changing memory 2143027200
Time 201.163s reached. Changing memory.
value stored in times array: 201.163
2147483648 2147483648
Changing memory to (bytes): 2147483648 (Balloon size: 50)
Done changing memory 50
Time 201.17s reached. Changing memory.
value stored in times array: 201.163
2147483648 4194304
Changing memory to (bytes): 4194304 (Balloon size: 2143027200)
Done changing memory 2143027200
Time 201.181s reached. Changing memory.
value stored in times array: 201.181
2147483648 2147483648
Changing memory to (bytes): 2147483648 (Balloon size: 50)
Done changing memory 50
Time 201.197s reached. Changing memory.
value stored in times array: 201.197
2147483648 4194304
Changing memory to (bytes): 4194304 (Balloon size: 2143027200)
Done changing memory 2143027200
Time 201.465s reached. Changing memory.
value stored in times array: 201.465
2147483648 2147483648
Changing memory to (bytes): 2147483648 (Balloon size: 50)
Done changing memory 50
Time 201.57s reached. Changing memory.
value stored in times array: 201.465
2147483648 4194304
Changing memory to (bytes): 4194304 (Balloon size: 2143027200)
Done changing memory 2143027200
Time 201.729s reached. Changing memory.
value stored in times array: 201.729
2147483648 2147483648
Changing memory to (bytes): 2147483648 (Balloon size: 50)
Done changing memory 50
Time 201.786s reached. Changing memory.
value stored in times array: 201.73
2147483648 4194304
Changing memory to (bytes): 4194304 (Balloon size: 2143027200)
Done changing memory 2143027200
Time 201.793s reached. Changing memory.
value stored in times array: 201.793
2147483648 2147483648
Changing memory to (bytes): 2147483648 (Balloon size: 50)
Done changing memory 50
Time 201.795s reached. Changing memory.
value stored in times array: 201.793
2147483648 4194304
Changing memory to (bytes): 4194304 (Balloon size: 2143027200)
Done changing memory 2143027200
Time 201.856s reached. Changing memory.
value stored in times array: 201.856
2147483648 2147483648
Changing memory to (bytes): 2147483648 (Balloon size: 50)
Done changing memory 50
Time 201.884s reached. Changing memory.
value stored in times array: 201.878
2147483648 4194304
Changing memory to (bytes): 4194304 (Balloon size: 2143027200)
Done changing memory 2143027200
Time 201.896s reached. Changing memory.
value stored in times array: 201.896
2147483648 2147483648
Changing memory to (bytes): 2147483648 (Balloon size: 50)
Done changing memory 50
Time 201.902s reached. Changing memory.
value stored in times array: 201.896
2147483648 4194304
Changing memory to (bytes): 4194304 (Balloon size: 2143027200)
Done changing memory 2143027200
Time 201.914s reached. Changing memory.
value stored in times array: 201.914
2147483648 2147483648
Changing memory to (bytes): 2147483648 (Balloon size: 50)
Done changing memory 50
Time 201.928s reached. Changing memory.
value stored in times array: 201.928
2147483648 4194304
Changing memory to (bytes): 4194304 (Balloon size: 2143027200)
Done changing memory 2143027200
Time 201.998s reached. Changing memory.
value stored in times array: 201.997
2147483648 2147483648
Changing memory to (bytes): 2147483648 (Balloon size: 50)
Done changing memory 50
Time 202.027s reached. Changing memory.
value stored in times array: 201.998
2147483648 4194304
Changing memory to (bytes): 4194304 (Balloon size: 2143027200)
Done changing memory 2143027200
Time 202.067s reached. Changing memory.
value stored in times array: 202.067
2147483648 2147483648
Changing memory to (bytes): 2147483648 (Balloon size: 50)
Done changing memory 50
Time 202.083s reached. Changing memory.
value stored in times array: 202.067
2147483648 4194304
Changing memory to (bytes): 4194304 (Balloon size: 2143027200)
Done changing memory 2143027200
Time 202.084s reached. Changing memory.
value stored in times array: 202.084
2147483648 2147483648
Changing memory to (bytes): 2147483648 (Balloon size: 50)
Done changing memory 50
Time 202.085s reached. Changing memory.
value stored in times array: 202.084
2147483648 4194304
Changing memory to (bytes): 4194304 (Balloon size: 2143027200)
Done changing memory 2143027200
Time 202.101s reached. Changing memory.
value stored in times array: 202.101
2147483648 2147483648
Changing memory to (bytes): 2147483648 (Balloon size: 50)
Done changing memory 50
Time 202.114s reached. Changing memory.
value stored in times array: 202.114
2147483648 4194304
Changing memory to (bytes): 4194304 (Balloon size: 2143027200)
Done changing memory 2143027200
Time 202.132s reached. Changing memory.
value stored in times array: 202.132
2147483648 2147483648
Changing memory to (bytes): 2147483648 (Balloon size: 50)
Done changing memory 50
Time 202.139s reached. Changing memory.
value stored in times array: 202.132
2147483648 4194304
Changing memory to (bytes): 4194304 (Balloon size: 2143027200)
Done changing memory 2143027200
Time 202.15s reached. Changing memory.
value stored in times array: 202.149
2147483648 2147483648
Changing memory to (bytes): 2147483648 (Balloon size: 50)
Done changing memory 50
Time 202.164s reached. Changing memory.
value stored in times array: 202.164
2147483648 4194304
Changing memory to (bytes): 4194304 (Balloon size: 2143027200)
Done changing memory 2143027200
Time 220.092s reached. Changing memory.
value stored in times array: 220.084
2147483648 2147483648
Changing memory to (bytes): 2147483648 (Balloon size: 50)
Done changing memory 50
Time 222.899s reached. Changing memory.
value stored in times array: 220.084
2147483648 4194304
Changing memory to (bytes): 4194304 (Balloon size: 2143027200)
Done changing memory 2143027200
Time 232.419s reached. Changing memory.
value stored in times array: 232.419
2147483648 2147483648
Changing memory to (bytes): 2147483648 (Balloon size: 50)
Done changing memory 50
Time 234.525s reached. Changing memory.
value stored in times array: 232.42
2147483648 4194304
Changing memory to (bytes): 4194304 (Balloon size: 2143027200)
Done changing memory 2143027200
Time 237.286s reached. Changing memory.
value stored in times array: 237.286
2147483648 2147483648
Changing memory to (bytes): 2147483648 (Balloon size: 50)
Done changing memory 50
Time 238.144s reached. Changing memory.
value stored in times array: 237.286
2147483648 4194304
Changing memory to (bytes): 4194304 (Balloon size: 2143027200)
Done changing memory 2143027200
Time 241.723s reached. Changing memory.
value stored in times array: 241.604
2147483648 2147483648
Changing memory to (bytes): 2147483648 (Balloon size: 50)
Done changing memory 50
Time 242.669s reached. Changing memory.
value stored in times array: 241.605
2147483648 4194304
Changing memory to (bytes): 4194304 (Balloon size: 2143027200)
Done changing memory 2143027200
Time 242.669s reached. Changing memory.
value stored in times array: 242.624
2147483648 2147483648
Changing memory to (bytes): 2147483648 (Balloon size: 50)
Done changing memory 50
Time 242.67s reached. Changing memory.
value stored in times array: 242.624
2147483648 4194304
Changing memory to (bytes): 4194304 (Balloon size: 2143027200)
Done changing memory 2143027200
Time 243.616s reached. Changing memory.
value stored in times array: 243.616
2147483648 2147483648
Changing memory to (bytes): 2147483648 (Balloon size: 50)
Done changing memory 50
Time 243.995s reached. Changing memory.
value stored in times array: 243.617
2147483648 4194304
Changing memory to (bytes): 4194304 (Balloon size: 2143027200)
Done changing memory 2143027200
Time 243.996s reached. Changing memory.
value stored in times array: 243.879
2147483648 2147483648
Changing memory to (bytes): 2147483648 (Balloon size: 50)
Done changing memory 50
Time 243.996s reached. Changing memory.
value stored in times array: 243.879
2147483648 4194304
Changing memory to (bytes): 4194304 (Balloon size: 2143027200)
Done changing memory 2143027200
Time 244.138s reached. Changing memory.
value stored in times array: 244.138
2147483648 2147483648
Changing memory to (bytes): 2147483648 (Balloon size: 50)
Done changing memory 50
Time 244.197s reached. Changing memory.
value stored in times array: 244.138
2147483648 4194304
Changing memory to (bytes): 4194304 (Balloon size: 2143027200)
Done changing memory 2143027200
Time 244.198s reached. Changing memory.
value stored in times array: 244.194
2147483648 2147483648
Changing memory to (bytes): 2147483648 (Balloon size: 50)
Done changing memory 50
Time 244.198s reached. Changing memory.
value stored in times array: 244.194
2147483648 4194304
Changing memory to (bytes): 4194304 (Balloon size: 2143027200)
Done changing memory 2143027200
Time 244.254s reached. Changing memory.
value stored in times array: 244.254
2147483648 2147483648
Changing memory to (bytes): 2147483648 (Balloon size: 50)
Done changing memory 50
Time 244.275s reached. Changing memory.
value stored in times array: 244.254
2147483648 4194304
Changing memory to (bytes): 4194304 (Balloon size: 2143027200)
Done changing memory 2143027200
Time 244.275s reached. Changing memory.
value stored in times array: 244.27
2147483648 2147483648
Changing memory to (bytes): 2147483648 (Balloon size: 50)
Done changing memory 50
Time 244.276s reached. Changing memory.
value stored in times array: 244.27
2147483648 4194304
Changing memory to (bytes): 4194304 (Balloon size: 2143027200)
Done changing memory 2143027200
Time 244.287s reached. Changing memory.
value stored in times array: 244.287
2147483648 2147483648
Changing memory to (bytes): 2147483648 (Balloon size: 50)
Done changing memory 50
Time 244.317s reached. Changing memory.
value stored in times array: 244.317
2147483648 4194304
Changing memory to (bytes): 4194304 (Balloon size: 2143027200)
Done changing memory 2143027200
Time 244.381s reached. Changing memory.
value stored in times array: 244.381
2147483648 2147483648
Changing memory to (bytes): 2147483648 (Balloon size: 50)
Done changing memory 50
Time 244.408s reached. Changing memory.
value stored in times array: 244.381
2147483648 4194304
Changing memory to (bytes): 4194304 (Balloon size: 2143027200)
Done changing memory 2143027200
Time 244.452s reached. Changing memory.
value stored in times array: 244.452
2147483648 2147483648
Changing memory to (bytes): 2147483648 (Balloon size: 50)
Done changing memory 50
Time 244.471s reached. Changing memory.
value stored in times array: 244.471
2147483648 4194304
Changing memory to (bytes): 4194304 (Balloon size: 2143027200)
Done changing memory 2143027200
Time 244.487s reached. Changing memory.
value stored in times array: 244.487
2147483648 2147483648
Changing memory to (bytes): 2147483648 (Balloon size: 50)
Done changing memory 50
Time 244.493s reached. Changing memory.
value stored in times array: 244.487
2147483648 4194304
Changing memory to (bytes): 4194304 (Balloon size: 2143027200)
Done changing memory 2143027200
Time 244.502s reached. Changing memory.
value stored in times array: 244.502
2147483648 2147483648
Changing memory to (bytes): 2147483648 (Balloon size: 50)
Done changing memory 50
Time 244.513s reached. Changing memory.
value stored in times array: 244.513
2147483648 4194304
Changing memory to (bytes): 4194304 (Balloon size: 2143027200)
Done changing memory 2143027200
Time 244.752s reached. Changing memory.
value stored in times array: 244.751
2147483648 2147483648
Changing memory to (bytes): 2147483648 (Balloon size: 50)
Done changing memory 50
Time 244.849s reached. Changing memory.
value stored in times array: 244.752
2147483648 4194304
Changing memory to (bytes): 4194304 (Balloon size: 2143027200)
Done changing memory 2143027200
Time 245.006s reached. Changing memory.
value stored in times array: 245.006
2147483648 2147483648
Changing memory to (bytes): 2147483648 (Balloon size: 50)
Done changing memory 50
Time 245.069s reached. Changing memory.
value stored in times array: 245.006
2147483648 4194304
Changing memory to (bytes): 4194304 (Balloon size: 2143027200)
Done changing memory 2143027200
Time 245.07s reached. Changing memory.
value stored in times array: 245.063
2147483648 2147483648
Changing memory to (bytes): 2147483648 (Balloon size: 50)
Done changing memory 50
Time 245.07s reached. Changing memory.
value stored in times array: 245.063
2147483648 4194304
Changing memory to (bytes): 4194304 (Balloon size: 2143027200)
Done changing memory 2143027200
Time 245.118s reached. Changing memory.
value stored in times array: 245.118
2147483648 2147483648
Changing memory to (bytes): 2147483648 (Balloon size: 50)
Done changing memory 50
Time 245.137s reached. Changing memory.
value stored in times array: 245.118
2147483648 4194304
Changing memory to (bytes): 4194304 (Balloon size: 2143027200)
Done changing memory 2143027200
Time 245.138s reached. Changing memory.
value stored in times array: 245.135
2147483648 2147483648
Changing memory to (bytes): 2147483648 (Balloon size: 50)
Done changing memory 50
Time 245.138s reached. Changing memory.
value stored in times array: 245.135
2147483648 4194304
Changing memory to (bytes): 4194304 (Balloon size: 2143027200)
Done changing memory 2143027200
Time 245.152s reached. Changing memory.
value stored in times array: 245.152
2147483648 2147483648
Changing memory to (bytes): 2147483648 (Balloon size: 50)
Done changing memory 50
Time 245.179s reached. Changing memory.
value stored in times array: 245.179
2147483648 4194304
Changing memory to (bytes): 4194304 (Balloon size: 2143027200)
Done changing memory 2143027200
Time 245.244s reached. Changing memory.
value stored in times array: 245.244
2147483648 2147483648
Changing memory to (bytes): 2147483648 (Balloon size: 50)
Done changing memory 50
Time 245.27s reached. Changing memory.
value stored in times array: 245.244
2147483648 4194304
Changing memory to (bytes): 4194304 (Balloon size: 2143027200)
Done changing memory 2143027200
Time 245.313s reached. Changing memory.
value stored in times array: 245.313
2147483648 2147483648
Changing memory to (bytes): 2147483648 (Balloon size: 50)
Done changing memory 50
Time 245.331s reached. Changing memory.
value stored in times array: 245.313
2147483648 4194304
Changing memory to (bytes): 4194304 (Balloon size: 2143027200)
Done changing memory 2143027200
Time 245.332s reached. Changing memory.
value stored in times array: 245.329
2147483648 2147483648
Changing memory to (bytes): 2147483648 (Balloon size: 50)
Done changing memory 50
Time 245.332s reached. Changing memory.
value stored in times array: 245.329
2147483648 4194304
Changing memory to (bytes): 4194304 (Balloon size: 2143027200)
Done changing memory 2143027200
Time 245.347s reached. Changing memory.
value stored in times array: 245.347
2147483648 2147483648
Changing memory to (bytes): 2147483648 (Balloon size: 50)
Done changing memory 50
Time 245.361s reached. Changing memory.
value stored in times array: 245.361
2147483648 4194304
Changing memory to (bytes): 4194304 (Balloon size: 2143027200)
Done changing memory 2143027200
Time 245.376s reached. Changing memory.
value stored in times array: 245.376
2147483648 2147483648
Changing memory to (bytes): 2147483648 (Balloon size: 50)
Done changing memory 50
Time 245.382s reached. Changing memory.
value stored in times array: 245.377
2147483648 4194304
Changing memory to (bytes): 4194304 (Balloon size: 2143027200)
Done changing memory 2143027200
Time 245.393s reached. Changing memory.
value stored in times array: 245.393
2147483648 2147483648
Changing memory to (bytes): 2147483648 (Balloon size: 50)
Done changing memory 50
Time 245.405s reached. Changing memory.
value stored in times array: 245.405
2147483648 4194304
Changing memory to (bytes): 4194304 (Balloon size: 2143027200)
Done changing memory 2143027200
Time 246.388s reached. Changing memory.
value stored in times array: 246.388
2147483648 2147483648
Changing memory to (bytes): 2147483648 (Balloon size: 50)
Done changing memory 50
Time 246.722s reached. Changing memory.
value stored in times array: 246.388
2147483648 4194304
Changing memory to (bytes): 4194304 (Balloon size: 2143027200)
Done changing memory 2143027200
Time 247.362s reached. Changing memory.
value stored in times array: 247.361
2147483648 2147483648
Changing memory to (bytes): 2147483648 (Balloon size: 50)
Done changing memory 50
Time 247.607s reached. Changing memory.
value stored in times array: 247.362
2147483648 4194304
Changing memory to (bytes): 4194304 (Balloon size: 2143027200)
Done changing memory 2143027200
Time 247.623s reached. Changing memory.
value stored in times array: 247.623
2147483648 2147483648
Changing memory to (bytes): 2147483648 (Balloon size: 50)
Done changing memory 50
Time 247.63s reached. Changing memory.
value stored in times array: 247.623
2147483648 4194304
Changing memory to (bytes): 4194304 (Balloon size: 2143027200)
Done changing memory 2143027200
Time 247.848s reached. Changing memory.
value stored in times array: 247.848
2147483648 2147483648
Changing memory to (bytes): 2147483648 (Balloon size: 50)
Done changing memory 50
Time 247.931s reached. Changing memory.
value stored in times array: 247.848
2147483648 4194304
Changing memory to (bytes): 4194304 (Balloon size: 2143027200)
Done changing memory 2143027200
Time 247.931s reached. Changing memory.
value stored in times array: 247.909
2147483648 2147483648
Changing memory to (bytes): 2147483648 (Balloon size: 50)
Done changing memory 50
Time 247.932s reached. Changing memory.
value stored in times array: 247.91
2147483648 4194304
Changing memory to (bytes): 4194304 (Balloon size: 2143027200)
Done changing memory 2143027200
Time 247.968s reached. Changing memory.
value stored in times array: 247.968
2147483648 2147483648
Changing memory to (bytes): 2147483648 (Balloon size: 50)
Done changing memory 50
Time 247.989s reached. Changing memory.
value stored in times array: 247.989
2147483648 4194304
Changing memory to (bytes): 4194304 (Balloon size: 2143027200)
Done changing memory 2143027200
Time 248.003s reached. Changing memory.
value stored in times array: 248.003
2147483648 2147483648
Changing memory to (bytes): 2147483648 (Balloon size: 50)
Done changing memory 50
Time 248.009s reached. Changing memory.
value stored in times array: 248.003
2147483648 4194304
Changing memory to (bytes): 4194304 (Balloon size: 2143027200)
Done changing memory 2143027200
Time 248.016s reached. Changing memory.
value stored in times array: 248.016
2147483648 2147483648
Changing memory to (bytes): 2147483648 (Balloon size: 50)
Done changing memory 50
Time 248.026s reached. Changing memory.
value stored in times array: 248.026
2147483648 4194304
Changing memory to (bytes): 4194304 (Balloon size: 2143027200)
Done changing memory 2143027200
Time 248.084s reached. Changing memory.
value stored in times array: 248.084
2147483648 2147483648
Changing memory to (bytes): 2147483648 (Balloon size: 50)
Done changing memory 50
Time 248.112s reached. Changing memory.
value stored in times array: 248.084
2147483648 4194304
Changing memory to (bytes): 4194304 (Balloon size: 2143027200)
Done changing memory 2143027200
Time 248.142s reached. Changing memory.
value stored in times array: 248.142
2147483648 2147483648
Changing memory to (bytes): 2147483648 (Balloon size: 50)
Done changing memory 50
Time 248.16s reached. Changing memory.
value stored in times array: 248.16
2147483648 4194304
Changing memory to (bytes): 4194304 (Balloon size: 2143027200)
Done changing memory 2143027200
Time 248.175s reached. Changing memory.
value stored in times array: 248.175
2147483648 2147483648
Changing memory to (bytes): 2147483648 (Balloon size: 50)
Done changing memory 50
Time 248.18s reached. Changing memory.
value stored in times array: 248.175
2147483648 4194304
Changing memory to (bytes): 4194304 (Balloon size: 2143027200)
Done changing memory 2143027200
Time 248.188s reached. Changing memory.
value stored in times array: 248.188
2147483648 2147483648
Changing memory to (bytes): 2147483648 (Balloon size: 50)
Done changing memory 50
Time 248.197s reached. Changing memory.
value stored in times array: 248.197
2147483648 4194304
Changing memory to (bytes): 4194304 (Balloon size: 2143027200)
Done changing memory 2143027200
Time 248.414s reached. Changing memory.
value stored in times array: 248.414
2147483648 2147483648
Changing memory to (bytes): 2147483648 (Balloon size: 50)
Done changing memory 50
Time 248.488s reached. Changing memory.
value stored in times array: 248.414
2147483648 4194304
Changing memory to (bytes): 4194304 (Balloon size: 2143027200)
Done changing memory 2143027200
Time 248.633s reached. Changing memory.
value stored in times array: 248.633
2147483648 2147483648
Changing memory to (bytes): 2147483648 (Balloon size: 50)
Done changing memory 50
Time 248.688s reached. Changing memory.
value stored in times array: 248.633
2147483648 4194304
Changing memory to (bytes): 4194304 (Balloon size: 2143027200)
Done changing memory 2143027200
Time 248.693s reached. Changing memory.
value stored in times array: 248.693
2147483648 2147483648
Changing memory to (bytes): 2147483648 (Balloon size: 50)
Done changing memory 50
Time 248.695s reached. Changing memory.
value stored in times array: 248.693
2147483648 4194304
Changing memory to (bytes): 4194304 (Balloon size: 2143027200)
Done changing memory 2143027200
Time 248.75s reached. Changing memory.
value stored in times array: 248.75
2147483648 2147483648
Changing memory to (bytes): 2147483648 (Balloon size: 50)
Done changing memory 50
Time 248.776s reached. Changing memory.
value stored in times array: 248.75
2147483648 4194304
Changing memory to (bytes): 4194304 (Balloon size: 2143027200)
Done changing memory 2143027200
Time 248.776s reached. Changing memory.
value stored in times array: 248.765
2147483648 2147483648
Changing memory to (bytes): 2147483648 (Balloon size: 50)
Done changing memory 50
Time 248.777s reached. Changing memory.
value stored in times array: 248.765
2147483648 4194304
Changing memory to (bytes): 4194304 (Balloon size: 2143027200)
Done changing memory 2143027200
Time 248.781s reached. Changing memory.
value stored in times array: 248.781
2147483648 2147483648
Changing memory to (bytes): 2147483648 (Balloon size: 50)
Done changing memory 50
Time 248.81s reached. Changing memory.
value stored in times array: 248.81
2147483648 4194304
Changing memory to (bytes): 4194304 (Balloon size: 2143027200)
Done changing memory 2143027200
Time 248.867s reached. Changing memory.
value stored in times array: 248.867
2147483648 2147483648
Changing memory to (bytes): 2147483648 (Balloon size: 50)
Done changing memory 50
Time 248.885s reached. Changing memory.
value stored in times array: 248.867
2147483648 4194304
Changing memory to (bytes): 4194304 (Balloon size: 2143027200)
Done changing memory 2143027200
Time 248.925s reached. Changing memory.
value stored in times array: 248.925
2147483648 2147483648
Changing memory to (bytes): 2147483648 (Balloon size: 50)
Done changing memory 50
Time 248.964s reached. Changing memory.
value stored in times array: 248.964
2147483648 4194304
Changing memory to (bytes): 4194304 (Balloon size: 2143027200)
Done changing memory 2143027200
Time 253.151s reached. Changing memory.
value stored in times array: 253.151
2147483648 2147483648
Changing memory to (bytes): 2147483648 (Balloon size: 50)
Done changing memory 50
Time 254.33s reached. Changing memory.
value stored in times array: 253.151
2147483648 4194304
Changing memory to (bytes): 4194304 (Balloon size: 2143027200)
Done changing memory 2143027200
Time 257.315s reached. Changing memory.
value stored in times array: 257.315
2147483648 2147483648
Changing memory to (bytes): 2147483648 (Balloon size: 50)
Done changing memory 50
Time 258.291s reached. Changing memory.
value stored in times array: 257.315
2147483648 4194304
Changing memory to (bytes): 4194304 (Balloon size: 2143027200)
Done changing memory 2143027200
Time 258.379s reached. Changing memory.
value stored in times array: 258.379
2147483648 2147483648
Changing memory to (bytes): 2147483648 (Balloon size: 50)
Done changing memory 50
Time 258.412s reached. Changing memory.
value stored in times array: 258.379
2147483648 4194304
Changing memory to (bytes): 4194304 (Balloon size: 2143027200)
Done changing memory 2143027200
Time 259.466s reached. Changing memory.
value stored in times array: 259.466
2147483648 2147483648
Changing memory to (bytes): 2147483648 (Balloon size: 50)
Done changing memory 50
Time 259.84s reached. Changing memory.
value stored in times array: 259.466
2147483648 4194304
Changing memory to (bytes): 4194304 (Balloon size: 2143027200)
Done changing memory 2143027200
Time 259.841s reached. Changing memory.
value stored in times array: 259.757
2147483648 2147483648
Changing memory to (bytes): 2147483648 (Balloon size: 50)
Done changing memory 50
Time 259.841s reached. Changing memory.
value stored in times array: 259.757
2147483648 4194304
Changing memory to (bytes): 4194304 (Balloon size: 2143027200)
Done changing memory 2143027200
Time 260.064s reached. Changing memory.
value stored in times array: 260.064
2147483648 2147483648
Changing memory to (bytes): 2147483648 (Balloon size: 50)
Done changing memory 50
Time 260.143s reached. Changing memory.
value stored in times array: 260.064
2147483648 4194304
Changing memory to (bytes): 4194304 (Balloon size: 2143027200)
Done changing memory 2143027200
Time 260.143s reached. Changing memory.
value stored in times array: 260.128
2147483648 2147483648
Changing memory to (bytes): 2147483648 (Balloon size: 50)
Done changing memory 50
Time 260.143s reached. Changing memory.
value stored in times array: 260.128
2147483648 4194304
Changing memory to (bytes): 4194304 (Balloon size: 2143027200)
Done changing memory 2143027200
Time 260.193s reached. Changing memory.
value stored in times array: 260.193
2147483648 2147483648
Changing memory to (bytes): 2147483648 (Balloon size: 50)
Done changing memory 50
Time 260.212s reached. Changing memory.
value stored in times array: 260.193
2147483648 4194304
Changing memory to (bytes): 4194304 (Balloon size: 2143027200)
Done changing memory 2143027200
Time 260.212s reached. Changing memory.
value stored in times array: 260.207
2147483648 2147483648
Changing memory to (bytes): 2147483648 (Balloon size: 50)
Done changing memory 50
Time 260.213s reached. Changing memory.
value stored in times array: 260.207
2147483648 4194304
Changing memory to (bytes): 4194304 (Balloon size: 2143027200)
Done changing memory 2143027200
Time 260.221s reached. Changing memory.
value stored in times array: 260.221
2147483648 2147483648
Changing memory to (bytes): 2147483648 (Balloon size: 50)
Done changing memory 50
Time 260.23s reached. Changing memory.
value stored in times array: 260.23
2147483648 4194304
Changing memory to (bytes): 4194304 (Balloon size: 2143027200)
Done changing memory 2143027200
Time 260.248s reached. Changing memory.
value stored in times array: 260.248
2147483648 2147483648
Changing memory to (bytes): 2147483648 (Balloon size: 50)
Done changing memory 50
Time 260.254s reached. Changing memory.
value stored in times array: 260.248
2147483648 4194304
Changing memory to (bytes): 4194304 (Balloon size: 2143027200)
Done changing memory 2143027200
Time 260.266s reached. Changing memory.
value stored in times array: 260.266
2147483648 2147483648
Changing memory to (bytes): 2147483648 (Balloon size: 50)
Done changing memory 50
Time 260.279s reached. Changing memory.
value stored in times array: 260.279
2147483648 4194304
Changing memory to (bytes): 4194304 (Balloon size: 2143027200)
Done changing memory 2143027200
Time 260.345s reached. Changing memory.
value stored in times array: 260.345
2147483648 2147483648
Changing memory to (bytes): 2147483648 (Balloon size: 50)
Done changing memory 50
Time 260.37s reached. Changing memory.
value stored in times array: 260.345
2147483648 4194304
Changing memory to (bytes): 4194304 (Balloon size: 2143027200)
Done changing memory 2143027200
Time 260.417s reached. Changing memory.
value stored in times array: 260.416
2147483648 2147483648
Changing memory to (bytes): 2147483648 (Balloon size: 50)
Done changing memory 50
Time 260.435s reached. Changing memory.
value stored in times array: 260.417
2147483648 4194304
Changing memory to (bytes): 4194304 (Balloon size: 2143027200)
Done changing memory 2143027200
Time 260.436s reached. Changing memory.
value stored in times array: 260.432
2147483648 2147483648
Changing memory to (bytes): 2147483648 (Balloon size: 50)
Done changing memory 50
Time 260.436s reached. Changing memory.
value stored in times array: 260.433
2147483648 4194304
Changing memory to (bytes): 4194304 (Balloon size: 2143027200)
Done changing memory 2143027200
Time 260.448s reached. Changing memory.
value stored in times array: 260.448
2147483648 2147483648
Changing memory to (bytes): 2147483648 (Balloon size: 50)
Done changing memory 50
Time 260.459s reached. Changing memory.
value stored in times array: 260.459
2147483648 4194304
Changing memory to (bytes): 4194304 (Balloon size: 2143027200)
Done changing memory 2143027200
Time 260.476s reached. Changing memory.
value stored in times array: 260.476
2147483648 2147483648
Changing memory to (bytes): 2147483648 (Balloon size: 50)
Done changing memory 50
Time 260.484s reached. Changing memory.
value stored in times array: 260.476
2147483648 4194304
Changing memory to (bytes): 4194304 (Balloon size: 2143027200)
Done changing memory 2143027200
Time 260.493s reached. Changing memory.
value stored in times array: 260.493
2147483648 2147483648
Changing memory to (bytes): 2147483648 (Balloon size: 50)
Done changing memory 50
Time 260.504s reached. Changing memory.
value stored in times array: 260.504
2147483648 4194304
Changing memory to (bytes): 4194304 (Balloon size: 2143027200)
Done changing memory 2143027200
Time 260.77s reached. Changing memory.
value stored in times array: 260.77
2147483648 2147483648
Changing memory to (bytes): 2147483648 (Balloon size: 50)
Done changing memory 50
Time 260.868s reached. Changing memory.
value stored in times array: 260.77
2147483648 4194304
Changing memory to (bytes): 4194304 (Balloon size: 2143027200)
Done changing memory 2143027200
Time 261.036s reached. Changing memory.
value stored in times array: 261.036
2147483648 2147483648
Changing memory to (bytes): 2147483648 (Balloon size: 50)
Done changing memory 50
Time 261.095s reached. Changing memory.
value stored in times array: 261.036
2147483648 4194304
Changing memory to (bytes): 4194304 (Balloon size: 2143027200)
Done changing memory 2143027200
Time 261.1s reached. Changing memory.
value stored in times array: 261.1
2147483648 2147483648
Changing memory to (bytes): 2147483648 (Balloon size: 50)
Done changing memory 50
Time 261.102s reached. Changing memory.
value stored in times array: 261.1
2147483648 4194304
Changing memory to (bytes): 4194304 (Balloon size: 2143027200)
Done changing memory 2143027200
Time 261.163s reached. Changing memory.
value stored in times array: 261.163
2147483648 2147483648
Changing memory to (bytes): 2147483648 (Balloon size: 50)
Done changing memory 50
Time 261.185s reached. Changing memory.
value stored in times array: 261.163
2147483648 4194304
Changing memory to (bytes): 4194304 (Balloon size: 2143027200)
Done changing memory 2143027200
Time 261.186s reached. Changing memory.
value stored in times array: 261.18
2147483648 2147483648
Changing memory to (bytes): 2147483648 (Balloon size: 50)
Done changing memory 50
Time 261.186s reached. Changing memory.
value stored in times array: 261.18
2147483648 4194304
Changing memory to (bytes): 4194304 (Balloon size: 2143027200)
Done changing memory 2143027200
Time 261.195s reached. Changing memory.
value stored in times array: 261.195
2147483648 2147483648
Changing memory to (bytes): 2147483648 (Balloon size: 50)
Done changing memory 50
Time 261.208s reached. Changing memory.
value stored in times array: 261.207
2147483648 4194304
Changing memory to (bytes): 4194304 (Balloon size: 2143027200)
Done changing memory 2143027200
Time 261.223s reached. Changing memory.
value stored in times array: 261.223
2147483648 2147483648
Changing memory to (bytes): 2147483648 (Balloon size: 50)
Done changing memory 50
Time 261.23s reached. Changing memory.
value stored in times array: 261.223
2147483648 4194304
Changing memory to (bytes): 4194304 (Balloon size: 2143027200)
Done changing memory 2143027200
Time 261.24s reached. Changing memory.
value stored in times array: 261.239
2147483648 2147483648
Changing memory to (bytes): 2147483648 (Balloon size: 50)
Done changing memory 50
Time 261.251s reached. Changing memory.
value stored in times array: 261.251
2147483648 4194304
Changing memory to (bytes): 4194304 (Balloon size: 2143027200)
Done changing memory 2143027200
Time 261.314s reached. Changing memory.
value stored in times array: 261.314
2147483648 2147483648
Changing memory to (bytes): 2147483648 (Balloon size: 50)
Done changing memory 50
Time 261.338s reached. Changing memory.
value stored in times array: 261.314
2147483648 4194304
Changing memory to (bytes): 4194304 (Balloon size: 2143027200)
Done changing memory 2143027200
Time 261.375s reached. Changing memory.
value stored in times array: 261.375
2147483648 2147483648
Changing memory to (bytes): 2147483648 (Balloon size: 50)
Done changing memory 50
Time 261.393s reached. Changing memory.
value stored in times array: 261.393
2147483648 4194304
Changing memory to (bytes): 4194304 (Balloon size: 2143027200)
Done changing memory 2143027200
Time 261.41s reached. Changing memory.
value stored in times array: 261.409
2147483648 2147483648
Changing memory to (bytes): 2147483648 (Balloon size: 50)
Done changing memory 50
Time 261.415s reached. Changing memory.
value stored in times array: 261.41
2147483648 4194304
Changing memory to (bytes): 4194304 (Balloon size: 2143027200)
Done changing memory 2143027200
Time 261.426s reached. Changing memory.
value stored in times array: 261.425
2147483648 2147483648
Changing memory to (bytes): 2147483648 (Balloon size: 50)
Done changing memory 50
Time 261.437s reached. Changing memory.
value stored in times array: 261.437
2147483648 4194304
Changing memory to (bytes): 4194304 (Balloon size: 2143027200)
Done changing memory 2143027200
Time 262.438s reached. Changing memory.
value stored in times array: 262.438
2147483648 2147483648
Changing memory to (bytes): 2147483648 (Balloon size: 50)
Done changing memory 50
Time 262.792s reached. Changing memory.
value stored in times array: 262.438
2147483648 4194304
Changing memory to (bytes): 4194304 (Balloon size: 2143027200)
Done changing memory 2143027200
Time 263.467s reached. Changing memory.
value stored in times array: 263.467
2147483648 2147483648
Changing memory to (bytes): 2147483648 (Balloon size: 50)
Done changing memory 50
Time 263.717s reached. Changing memory.
value stored in times array: 263.467
2147483648 4194304
Changing memory to (bytes): 4194304 (Balloon size: 2143027200)
Done changing memory 2143027200
Time 263.729s reached. Changing memory.
value stored in times array: 263.729
2147483648 2147483648
Changing memory to (bytes): 2147483648 (Balloon size: 50)
Done changing memory 50
Time 263.734s reached. Changing memory.
value stored in times array: 263.729
2147483648 4194304
Changing memory to (bytes): 4194304 (Balloon size: 2143027200)
Done changing memory 2143027200
Time 264.022s reached. Changing memory.
value stored in times array: 264.022
2147483648 2147483648
Changing memory to (bytes): 2147483648 (Balloon size: 50)
Done changing memory 50
Time 264.143s reached. Changing memory.
value stored in times array: 264.022
2147483648 4194304
Changing memory to (bytes): 4194304 (Balloon size: 2143027200)
Done changing memory 2143027200
Time 264.143s reached. Changing memory.
value stored in times array: 264.093
2147483648 2147483648
Changing memory to (bytes): 2147483648 (Balloon size: 50)
Done changing memory 50
Time 264.144s reached. Changing memory.
value stored in times array: 264.093
2147483648 4194304
Changing memory to (bytes): 4194304 (Balloon size: 2143027200)
Done changing memory 2143027200
Time 264.159s reached. Changing memory.
value stored in times array: 264.159
2147483648 2147483648
Changing memory to (bytes): 2147483648 (Balloon size: 50)
Done changing memory 50
Time 264.178s reached. Changing memory.
value stored in times array: 264.178
2147483648 4194304
Changing memory to (bytes): 4194304 (Balloon size: 2143027200)
Done changing memory 2143027200
Time 264.194s reached. Changing memory.
value stored in times array: 264.194
2147483648 2147483648
Changing memory to (bytes): 2147483648 (Balloon size: 50)
Done changing memory 50
Time 264.2s reached. Changing memory.
value stored in times array: 264.194
2147483648 4194304
Changing memory to (bytes): 4194304 (Balloon size: 2143027200)
Done changing memory 2143027200
Time 264.209s reached. Changing memory.
value stored in times array: 264.209
2147483648 2147483648
Changing memory to (bytes): 2147483648 (Balloon size: 50)
Done changing memory 50
Time 264.22s reached. Changing memory.
value stored in times array: 264.22
2147483648 4194304
Changing memory to (bytes): 4194304 (Balloon size: 2143027200)
Done changing memory 2143027200
Time 264.278s reached. Changing memory.
value stored in times array: 264.277
2147483648 2147483648
Changing memory to (bytes): 2147483648 (Balloon size: 50)
Done changing memory 50
Time 264.301s reached. Changing memory.
value stored in times array: 264.278
2147483648 4194304
Changing memory to (bytes): 4194304 (Balloon size: 2143027200)
Done changing memory 2143027200
Time 264.333s reached. Changing memory.
value stored in times array: 264.333
2147483648 2147483648
Changing memory to (bytes): 2147483648 (Balloon size: 50)
Done changing memory 50
Time 264.345s reached. Changing memory.
value stored in times array: 264.333
2147483648 4194304
Changing memory to (bytes): 4194304 (Balloon size: 2143027200)
Done changing memory 2143027200
Time 264.349s reached. Changing memory.
value stored in times array: 264.348
2147483648 2147483648
Changing memory to (bytes): 2147483648 (Balloon size: 50)
Done changing memory 50
Time 264.35s reached. Changing memory.
value stored in times array: 264.349
2147483648 4194304
Changing memory to (bytes): 4194304 (Balloon size: 2143027200)
Done changing memory 2143027200
Time 264.365s reached. Changing memory.
value stored in times array: 264.364
2147483648 2147483648
Changing memory to (bytes): 2147483648 (Balloon size: 50)
Done changing memory 50
Time 264.397s reached. Changing memory.
value stored in times array: 264.397
2147483648 4194304
Changing memory to (bytes): 4194304 (Balloon size: 2143027200)
Done changing memory 2143027200
Time 264.657s reached. Changing memory.
value stored in times array: 264.657
2147483648 2147483648
Changing memory to (bytes): 2147483648 (Balloon size: 50)
Done changing memory 50
Time 264.761s reached. Changing memory.
value stored in times array: 264.657
2147483648 4194304
Changing memory to (bytes): 4194304 (Balloon size: 2143027200)
Done changing memory 2143027200
Time 264.904s reached. Changing memory.
value stored in times array: 264.904
2147483648 2147483648
Changing memory to (bytes): 2147483648 (Balloon size: 50)
Done changing memory 50
Time 264.904s reached. Changing memory.
value stored in times array: 264.904
2147483648 4194304
Changing memory to (bytes): 4194304 (Balloon size: 2143027200)
Done changing memory 2143027200
Time 264.959s reached. Changing memory.
value stored in times array: 264.959
2147483648 2147483648
Changing memory to (bytes): 2147483648 (Balloon size: 50)
Done changing memory 50
Time 264.982s reached. Changing memory.
value stored in times array: 264.959
2147483648 4194304
Changing memory to (bytes): 4194304 (Balloon size: 2143027200)
Done changing memory 2143027200
Time 265.013s reached. Changing memory.
value stored in times array: 265.013
2147483648 2147483648
Changing memory to (bytes): 2147483648 (Balloon size: 50)
Done changing memory 50
Time 265.027s reached. Changing memory.
value stored in times array: 265.027
2147483648 4194304
Changing memory to (bytes): 4194304 (Balloon size: 2143027200)
Done changing memory 2143027200
Time 265.043s reached. Changing memory.
value stored in times array: 265.043
2147483648 2147483648
Changing memory to (bytes): 2147483648 (Balloon size: 50)
Done changing memory 50
Time 265.05s reached. Changing memory.
value stored in times array: 265.043
2147483648 4194304
Changing memory to (bytes): 4194304 (Balloon size: 2143027200)
Done changing memory 2143027200
Time 265.06s reached. Changing memory.
value stored in times array: 265.059
2147483648 2147483648
Changing memory to (bytes): 2147483648 (Balloon size: 50)
Done changing memory 50
Time 265.071s reached. Changing memory.
value stored in times array: 265.071
2147483648 4194304
Changing memory to (bytes): 4194304 (Balloon size: 2143027200)
Done changing memory 2143027200
Time 265.135s reached. Changing memory.
value stored in times array: 265.135
2147483648 2147483648
Changing memory to (bytes): 2147483648 (Balloon size: 50)
Done changing memory 50
Time 265.161s reached. Changing memory.
value stored in times array: 265.135
2147483648 4194304
Changing memory to (bytes): 4194304 (Balloon size: 2143027200)
Done changing memory 2143027200
Time 265.199s reached. Changing memory.
value stored in times array: 265.199
2147483648 2147483648
Changing memory to (bytes): 2147483648 (Balloon size: 50)
Done changing memory 50
Time 265.218s reached. Changing memory.
value stored in times array: 265.218
2147483648 4194304
Changing memory to (bytes): 4194304 (Balloon size: 2143027200)
Done changing memory 2143027200
Time 265.235s reached. Changing memory.
value stored in times array: 265.234
2147483648 2147483648
Changing memory to (bytes): 2147483648 (Balloon size: 50)
Done changing memory 50
Time 265.243s reached. Changing memory.
value stored in times array: 265.234
2147483648 4194304
Changing memory to (bytes): 4194304 (Balloon size: 2143027200)
Done changing memory 2143027200
Time 265.249s reached. Changing memory.
value stored in times array: 265.249
2147483648 2147483648
Changing memory to (bytes): 2147483648 (Balloon size: 50)
Done changing memory 50
