0.000378,START_SCAN
3.185025,END_SCAN
3.185078,START_SCAN
6.491435,END_SCAN
6.491599,START_SCAN
7.328078,END_SCAN
7.328179,START_SCAN
8.102087,END_SCAN
8.102202,START_SCAN
8.291769,END_SCAN
8.291828,START_SCAN
8.466781,END_SCAN
8.466873,START_SCAN
8.513613,END_SCAN
8.513666,START_SCAN
8.564918,END_SCAN
8.565394,START_SCAN
8.576563,END_SCAN
8.576603,START_SCAN
8.588413,END_SCAN
8.588458,START_SCAN
8.592059,END_SCAN
8.592108,START_SCAN
8.595234,END_SCAN
8.595273,START_SCAN
8.596063,END_SCAN
8.596092,START_SCAN
8.596865,END_SCAN
8.597993,START_SCAN
8.598822,END_SCAN
8.598852,START_SCAN
8.599644,END_SCAN
8.600402,START_SCAN
8.603097,END_SCAN
8.603135,START_SCAN
8.605448,END_SCAN
8.606283,START_SCAN
8.606980,END_SCAN
8.607009,START_SCAN
8.607654,END_SCAN
8.608128,START_SCAN
8.617746,END_SCAN
8.617788,START_SCAN
8.628793,END_SCAN
8.628844,START_SCAN
8.631054,END_SCAN
8.631087,START_SCAN
8.633272,END_SCAN
8.633304,START_SCAN
8.634009,END_SCAN
8.634044,START_SCAN
8.634735,END_SCAN
8.635790,START_SCAN
8.638940,END_SCAN
8.638973,START_SCAN
8.641303,END_SCAN
8.642130,START_SCAN
8.642787,END_SCAN
8.642815,START_SCAN
8.643442,END_SCAN
8.643894,START_SCAN
8.688018,END_SCAN
8.688077,START_SCAN
8.733956,END_SCAN
8.734018,START_SCAN
8.744445,END_SCAN
8.744487,START_SCAN
8.753347,END_SCAN
8.753393,START_SCAN
8.757103,END_SCAN
8.757159,START_SCAN
8.760488,END_SCAN
8.763194,START_SCAN
8.765448,END_SCAN
8.765465,START_SCAN
8.767501,END_SCAN
8.768864,START_SCAN
8.783356,END_SCAN
8.783403,START_SCAN
8.796155,END_SCAN
8.796209,START_SCAN
8.798696,END_SCAN
8.798729,START_SCAN
8.801345,END_SCAN
8.801382,START_SCAN
8.802531,END_SCAN
8.802573,START_SCAN
8.803695,END_SCAN
8.805508,START_SCAN
8.808140,END_SCAN
8.808180,START_SCAN
8.810777,END_SCAN
8.810814,START_SCAN
8.811552,END_SCAN
8.811581,START_SCAN
8.812301,END_SCAN
8.813636,START_SCAN
9.010275,END_SCAN
9.010345,START_SCAN
9.203470,END_SCAN
9.203558,START_SCAN
9.258248,END_SCAN
9.258309,START_SCAN
9.311192,END_SCAN
9.311264,START_SCAN
9.325014,END_SCAN
9.325069,START_SCAN
9.338659,END_SCAN
9.338720,START_SCAN
9.342635,END_SCAN
9.342682,START_SCAN
9.345818,END_SCAN
9.345865,START_SCAN
9.346997,END_SCAN
9.347028,START_SCAN
9.348185,END_SCAN
9.349005,START_SCAN
9.350108,END_SCAN
9.350148,START_SCAN
9.350982,END_SCAN
9.351576,START_SCAN
9.353749,END_SCAN
9.353785,START_SCAN
9.355884,END_SCAN
9.357359,START_SCAN
9.370168,END_SCAN
9.370209,START_SCAN
9.381949,END_SCAN
9.381996,START_SCAN
9.384859,END_SCAN
9.384891,START_SCAN
9.388067,END_SCAN
9.388898,START_SCAN
9.389801,END_SCAN
9.389834,START_SCAN
9.390661,END_SCAN
9.391259,START_SCAN
9.394187,END_SCAN
9.394220,START_SCAN
9.397193,END_SCAN
9.397228,START_SCAN
9.398061,END_SCAN
9.398093,START_SCAN
9.398910,END_SCAN
9.399505,START_SCAN
9.400192,END_SCAN
9.400222,START_SCAN
9.400917,END_SCAN
9.401447,START_SCAN
9.445346,END_SCAN
9.445444,START_SCAN
9.493466,END_SCAN
9.493547,START_SCAN
9.507482,END_SCAN
9.507527,START_SCAN
9.520239,END_SCAN
9.520299,START_SCAN
9.523887,END_SCAN
9.523929,START_SCAN
9.526791,END_SCAN
9.526826,START_SCAN
9.527662,END_SCAN
9.527692,START_SCAN
9.528550,END_SCAN
9.530153,START_SCAN
9.533516,END_SCAN
9.533556,START_SCAN
9.536977,END_SCAN
9.539407,START_SCAN
9.549405,END_SCAN
9.549460,START_SCAN
9.559869,END_SCAN
9.559917,START_SCAN
9.562051,END_SCAN
9.562085,START_SCAN
9.564186,END_SCAN
9.565646,START_SCAN
9.568639,END_SCAN
9.568671,START_SCAN
9.571444,END_SCAN
9.571481,START_SCAN
9.572240,END_SCAN
9.572292,START_SCAN
9.573109,END_SCAN
9.573632,START_SCAN
9.574385,END_SCAN
9.574417,START_SCAN
9.575130,END_SCAN
9.576044,START_SCAN
10.325511,END_SCAN
10.325572,START_SCAN
11.131588,END_SCAN
11.131703,START_SCAN
11.353236,END_SCAN
11.353307,START_SCAN
11.556717,END_SCAN
11.556811,START_SCAN
11.601994,END_SCAN
11.602042,START_SCAN
11.653564,END_SCAN
11.653700,START_SCAN
11.672737,END_SCAN
11.672846,START_SCAN
11.686872,END_SCAN
11.686965,START_SCAN
11.689940,END_SCAN
11.689994,START_SCAN
11.692782,END_SCAN
11.693658,START_SCAN
11.694784,END_SCAN
11.694826,START_SCAN
11.695929,END_SCAN
11.696676,START_SCAN
11.699580,END_SCAN
11.699656,START_SCAN
11.702608,END_SCAN
11.704982,START_SCAN
11.717665,END_SCAN
11.717755,START_SCAN
11.729847,END_SCAN
11.729924,START_SCAN
11.732914,END_SCAN
11.732967,START_SCAN
11.738954,END_SCAN
11.740020,START_SCAN
11.740992,END_SCAN
11.741035,START_SCAN
11.741966,END_SCAN
11.742746,START_SCAN
11.746387,END_SCAN
11.746482,START_SCAN
11.753595,END_SCAN
11.755736,START_SCAN
11.756708,END_SCAN
11.756757,START_SCAN
11.757685,END_SCAN
11.758414,START_SCAN
11.822468,END_SCAN
11.822564,START_SCAN
9.387515,END_SCAN
9.387601,START_SCAN
9.399063,END_SCAN
9.399143,START_SCAN
9.413226,END_SCAN
9.413311,START_SCAN
9.415942,END_SCAN
9.416001,START_SCAN
9.418722,END_SCAN
9.418790,START_SCAN
9.419509,END_SCAN
9.419567,START_SCAN
9.420234,END_SCAN
9.420757,START_SCAN
9.421451,END_SCAN
9.421482,START_SCAN
9.422154,END_SCAN
9.422662,START_SCAN
9.425442,END_SCAN
9.425477,START_SCAN
9.428487,END_SCAN
9.429327,START_SCAN
9.430193,END_SCAN
9.430228,START_SCAN
9.431028,END_SCAN
9.431618,START_SCAN
9.442565,END_SCAN
9.442613,START_SCAN
9.453179,END_SCAN
9.453248,START_SCAN
9.456466,END_SCAN
9.456499,START_SCAN
9.459720,END_SCAN
9.459759,START_SCAN
9.460660,END_SCAN
9.460685,START_SCAN
9.461635,END_SCAN
9.462400,START_SCAN
9.463159,END_SCAN
9.463193,START_SCAN
9.463887,END_SCAN
9.464400,START_SCAN
9.466463,END_SCAN
9.466498,START_SCAN
9.468498,END_SCAN
9.469852,START_SCAN
9.635073,END_SCAN
9.635129,START_SCAN
9.826757,END_SCAN
9.826851,START_SCAN
9.870557,END_SCAN
9.870624,START_SCAN
9.912513,END_SCAN
9.912572,START_SCAN
9.921960,END_SCAN
9.922024,START_SCAN
9.930926,END_SCAN
9.930974,START_SCAN
9.933634,END_SCAN
9.933676,START_SCAN
9.935855,END_SCAN
9.937328,START_SCAN
9.939424,END_SCAN
9.939452,START_SCAN
9.941592,END_SCAN
9.943027,START_SCAN
9.951135,END_SCAN
9.951178,START_SCAN
9.958768,END_SCAN
9.958806,START_SCAN
9.962282,END_SCAN
9.962319,START_SCAN
9.965861,END_SCAN
9.968203,START_SCAN
9.970360,END_SCAN
9.970392,START_SCAN
9.972171,END_SCAN
9.973352,START_SCAN
10.020918,END_SCAN
10.020961,START_SCAN
10.070192,END_SCAN
10.070263,START_SCAN
10.081070,END_SCAN
10.081130,START_SCAN
10.094360,END_SCAN
10.094433,START_SCAN
10.096490,END_SCAN
10.096535,START_SCAN
10.098456,END_SCAN
10.100264,START_SCAN
10.105284,END_SCAN
10.105332,START_SCAN
10.110430,END_SCAN
10.110471,START_SCAN
10.111786,END_SCAN
10.111846,START_SCAN
10.113004,END_SCAN
10.113888,START_SCAN
10.115199,END_SCAN
10.115237,START_SCAN
10.116536,END_SCAN
10.117421,START_SCAN
10.136136,END_SCAN
10.136197,START_SCAN
10.150667,END_SCAN
10.150726,START_SCAN
10.153457,END_SCAN
10.153489,START_SCAN
10.156172,END_SCAN
10.156206,START_SCAN
10.156903,END_SCAN
10.156931,START_SCAN
10.157747,END_SCAN
10.158299,START_SCAN
10.158991,END_SCAN
10.159018,START_SCAN
10.159695,END_SCAN
10.160202,START_SCAN
10.163443,END_SCAN
10.163471,START_SCAN
10.167024,END_SCAN
10.167082,START_SCAN
10.168486,END_SCAN
10.168521,START_SCAN
10.169817,END_SCAN
10.170548,START_SCAN
10.171556,END_SCAN
10.171595,START_SCAN
10.172568,END_SCAN
