0.001625,START_SCAN
65.236376,END_SCAN
65.236511,START_SCAN
137.080830,END_SCAN
137.083061,START_SCAN
151.487311,END_SCAN
151.487400,START_SCAN
167.044483,END_SCAN
167.045190,START_SCAN
171.353184,END_SCAN
171.353351,START_SCAN
175.637429,END_SCAN
175.637672,START_SCAN
176.724132,END_SCAN
176.724278,START_SCAN
177.845165,END_SCAN
177.845412,START_SCAN
178.094808,END_SCAN
178.094918,START_SCAN
178.360652,END_SCAN
178.360793,START_SCAN
178.415301,END_SCAN
178.415385,START_SCAN
178.467462,END_SCAN
178.540233,START_SCAN
178.612787,END_SCAN
178.612880,START_SCAN
178.673311,END_SCAN
178.673417,START_SCAN
178.688702,END_SCAN
178.688771,START_SCAN
178.704030,END_SCAN
178.731506,START_SCAN
178.996384,END_SCAN
178.996525,START_SCAN
179.281173,END_SCAN
179.281422,START_SCAN
179.356099,END_SCAN
179.356291,START_SCAN
179.434393,END_SCAN
179.434546,START_SCAN
179.451600,END_SCAN
179.451765,START_SCAN
179.469729,END_SCAN
179.486038,START_SCAN
179.504550,END_SCAN
179.504813,START_SCAN
179.521951,END_SCAN
179.539364,START_SCAN
179.607466,END_SCAN
179.607574,START_SCAN
179.676028,END_SCAN
179.676129,START_SCAN
179.692548,END_SCAN
179.692748,START_SCAN
179.709700,END_SCAN
179.740854,START_SCAN
180.753802,END_SCAN
180.753928,START_SCAN
181.779985,END_SCAN
181.780174,START_SCAN
182.056356,END_SCAN
182.056485,START_SCAN
182.336068,END_SCAN
182.336271,START_SCAN
182.405275,END_SCAN
182.405365,START_SCAN
182.474739,END_SCAN
182.474891,START_SCAN
182.490908,END_SCAN
182.490993,START_SCAN
182.507421,END_SCAN
182.522263,START_SCAN
182.543868,END_SCAN
182.543997,START_SCAN
182.562620,END_SCAN
182.578606,START_SCAN
182.646659,END_SCAN
182.646782,START_SCAN
182.715840,END_SCAN
182.715998,START_SCAN
182.736429,END_SCAN
182.736569,START_SCAN
182.757369,END_SCAN
182.794193,START_SCAN
183.038716,END_SCAN
183.038951,START_SCAN
183.281009,END_SCAN
183.281180,START_SCAN
183.337306,END_SCAN
183.337446,START_SCAN
183.392676,END_SCAN
183.435287,START_SCAN
183.500544,END_SCAN
183.500701,START_SCAN
183.558019,END_SCAN
183.597823,START_SCAN
188.336464,END_SCAN
188.336581,START_SCAN
193.011241,END_SCAN
193.011516,START_SCAN
194.214635,END_SCAN
194.214730,START_SCAN
195.504304,END_SCAN
195.504605,START_SCAN
195.830656,END_SCAN
195.830742,START_SCAN
196.199207,END_SCAN
196.199394,START_SCAN
196.362017,END_SCAN
196.362152,START_SCAN
196.461639,END_SCAN
196.461774,START_SCAN
196.485235,END_SCAN
196.485393,START_SCAN
196.507123,END_SCAN
196.521927,START_SCAN
196.541676,END_SCAN
196.541796,START_SCAN
196.561223,END_SCAN
196.573889,START_SCAN
196.646907,END_SCAN
196.647025,START_SCAN
196.727638,END_SCAN
196.727829,START_SCAN
196.751277,END_SCAN
196.751450,START_SCAN
196.772195,END_SCAN
196.813388,START_SCAN
197.106315,END_SCAN
197.106414,START_SCAN
197.416860,END_SCAN
197.417007,START_SCAN
197.498204,END_SCAN
197.498310,START_SCAN
197.568123,END_SCAN
197.568286,START_SCAN
197.586474,END_SCAN
197.586562,START_SCAN
197.604891,END_SCAN
197.637964,START_SCAN
197.709353,END_SCAN
197.709458,START_SCAN
197.789343,END_SCAN
197.789475,START_SCAN
197.808599,END_SCAN
197.808697,START_SCAN
197.835118,END_SCAN
197.850720,START_SCAN
197.873839,END_SCAN
197.873944,START_SCAN
197.897360,END_SCAN
197.911234,START_SCAN
199.042595,END_SCAN
199.042749,START_SCAN
200.250969,END_SCAN
200.251154,START_SCAN
200.522716,END_SCAN
200.522819,START_SCAN
200.784422,END_SCAN
200.784582,START_SCAN
200.845370,END_SCAN
200.845490,START_SCAN
200.902530,END_SCAN
200.945385,START_SCAN
201.018973,END_SCAN
201.019080,START_SCAN
201.093922,END_SCAN
201.094053,START_SCAN
201.112298,END_SCAN
201.112377,START_SCAN
201.132323,END_SCAN
201.145363,START_SCAN
201.163002,END_SCAN
201.163127,START_SCAN
201.180884,END_SCAN
201.196565,START_SCAN
201.464985,END_SCAN
201.465141,START_SCAN
201.729397,END_SCAN
201.729559,START_SCAN
201.792799,END_SCAN
201.792952,START_SCAN
201.856316,END_SCAN
201.877850,START_SCAN
201.895895,END_SCAN
201.895979,START_SCAN
201.913898,END_SCAN
201.927921,START_SCAN
201.997439,END_SCAN
201.997533,START_SCAN
202.067181,END_SCAN
202.067334,START_SCAN
202.083916,END_SCAN
202.083983,START_SCAN
202.100534,END_SCAN
202.114144,START_SCAN
202.131738,END_SCAN
202.131813,START_SCAN
202.149364,END_SCAN
202.163935,START_SCAN
220.084316,END_SCAN
220.084455,START_SCAN
232.419425,END_SCAN
232.419758,START_SCAN
237.285623,END_SCAN
237.285720,START_SCAN
241.604385,END_SCAN
241.604591,START_SCAN
242.623811,END_SCAN
242.623895,START_SCAN
243.616216,END_SCAN
243.616531,START_SCAN
243.878811,END_SCAN
243.878898,START_SCAN
244.137819,END_SCAN
244.137940,START_SCAN
244.193969,END_SCAN
244.194055,START_SCAN
244.253605,END_SCAN
244.253717,START_SCAN
244.270327,END_SCAN
244.270416,START_SCAN
244.287439,END_SCAN
244.316998,START_SCAN
244.381103,END_SCAN
244.381185,START_SCAN
244.451577,END_SCAN
244.471468,START_SCAN
244.486877,END_SCAN
244.486960,START_SCAN
244.502034,END_SCAN
244.512919,START_SCAN
244.751493,END_SCAN
244.751596,START_SCAN
245.006038,END_SCAN
245.006205,START_SCAN
245.063381,END_SCAN
245.063470,START_SCAN
245.118125,END_SCAN
245.118255,START_SCAN
245.134901,END_SCAN
245.134989,START_SCAN
245.151654,END_SCAN
245.178824,START_SCAN
245.244137,END_SCAN
245.244253,START_SCAN
245.313295,END_SCAN
245.313428,START_SCAN
245.329227,END_SCAN
245.329311,START_SCAN
245.347135,END_SCAN
245.360959,START_SCAN
245.376416,END_SCAN
245.376519,START_SCAN
245.392759,END_SCAN
245.404682,START_SCAN
246.388095,END_SCAN
246.388190,START_SCAN
247.361449,END_SCAN
247.361627,START_SCAN
247.622778,END_SCAN
247.622863,START_SCAN
247.847692,END_SCAN
247.847843,START_SCAN
247.909499,END_SCAN
247.909578,START_SCAN
247.967692,END_SCAN
247.988805,START_SCAN
248.002888,END_SCAN
248.002955,START_SCAN
248.016199,END_SCAN
248.025690,START_SCAN
248.084260,END_SCAN
248.084347,START_SCAN
248.141938,END_SCAN
248.160288,START_SCAN
248.174633,END_SCAN
248.174717,START_SCAN
248.187912,END_SCAN
248.197345,START_SCAN
248.413570,END_SCAN
248.413646,START_SCAN
248.632792,END_SCAN
248.632958,START_SCAN
248.692510,END_SCAN
248.692602,START_SCAN
248.749767,END_SCAN
248.749855,START_SCAN
248.765383,END_SCAN
248.765458,START_SCAN
248.781480,END_SCAN
248.810037,START_SCAN
248.866654,END_SCAN
248.866738,START_SCAN
248.924553,END_SCAN
248.963628,START_SCAN
253.150740,END_SCAN
253.150818,START_SCAN
257.314539,END_SCAN
257.314738,START_SCAN
258.378840,END_SCAN
258.378928,START_SCAN
259.465609,END_SCAN
259.465756,START_SCAN
259.757260,END_SCAN
259.757365,START_SCAN
260.064218,END_SCAN
260.064331,START_SCAN
260.128364,END_SCAN
260.128442,START_SCAN
260.192718,END_SCAN
260.192811,START_SCAN
260.206808,END_SCAN
260.206873,START_SCAN
260.220762,END_SCAN
260.230433,START_SCAN
260.248135,END_SCAN
260.248201,START_SCAN
260.265712,END_SCAN
260.279392,START_SCAN
260.344851,END_SCAN
260.344944,START_SCAN
260.416406,END_SCAN
260.416521,START_SCAN
260.432419,END_SCAN
260.432509,START_SCAN
260.447910,END_SCAN
260.459197,START_SCAN
260.476346,END_SCAN
260.476430,START_SCAN
260.492961,END_SCAN
260.504053,START_SCAN
260.769917,END_SCAN
260.769985,START_SCAN
261.035676,END_SCAN
261.035785,START_SCAN
261.100310,END_SCAN
261.100398,START_SCAN
261.163030,END_SCAN
261.163133,START_SCAN
261.179726,END_SCAN
261.179807,START_SCAN
261.195093,END_SCAN
261.206901,START_SCAN
261.222820,END_SCAN
261.222892,START_SCAN
261.239461,END_SCAN
261.250515,START_SCAN
261.313715,END_SCAN
261.313792,START_SCAN
261.375216,END_SCAN
261.393232,START_SCAN
261.409473,END_SCAN
261.409554,START_SCAN
261.425435,END_SCAN
261.437120,START_SCAN
262.437887,END_SCAN
262.437967,START_SCAN
263.466765,END_SCAN
263.467294,START_SCAN
263.729385,END_SCAN
263.729483,START_SCAN
264.021594,END_SCAN
264.021762,START_SCAN
264.092833,END_SCAN
264.093004,START_SCAN
264.158672,END_SCAN
264.178228,START_SCAN
264.193605,END_SCAN
264.193689,START_SCAN
264.208783,END_SCAN
264.220017,START_SCAN
264.277462,END_SCAN
264.277537,START_SCAN
264.333404,END_SCAN
264.333498,START_SCAN
264.348468,END_SCAN
264.348545,START_SCAN
264.364473,END_SCAN
264.396599,START_SCAN
264.657352,END_SCAN
264.657491,START_SCAN
264.903789,END_SCAN
264.903904,START_SCAN
264.958859,END_SCAN
264.958941,START_SCAN
265.013309,END_SCAN
265.027494,START_SCAN
265.043304,END_SCAN
265.043412,START_SCAN
265.059444,END_SCAN
265.070919,START_SCAN
265.135254,END_SCAN
265.135368,START_SCAN
265.198912,END_SCAN
265.218113,START_SCAN
265.233799,END_SCAN
265.233904,START_SCAN
265.248844,END_SCAN
