0.000792,START_SCAN
15.580461,END_SCAN
15.580561,START_SCAN
31.193235,END_SCAN
31.193661,START_SCAN
35.582697,END_SCAN
35.582789,START_SCAN
39.829157,END_SCAN
39.829420,START_SCAN
40.978101,END_SCAN
40.978225,START_SCAN
42.045450,END_SCAN
42.046243,START_SCAN
42.328348,END_SCAN
42.328502,START_SCAN
42.615389,END_SCAN
42.615552,START_SCAN
42.686326,END_SCAN
42.686424,START_SCAN
42.748161,END_SCAN
42.788191,START_SCAN
42.808225,END_SCAN
42.808287,START_SCAN
42.824611,END_SCAN
42.837000,START_SCAN
42.901830,END_SCAN
42.901926,START_SCAN
42.969381,END_SCAN
42.969466,START_SCAN
42.987684,END_SCAN
42.987785,START_SCAN
43.002739,END_SCAN
43.013571,START_SCAN
43.029942,END_SCAN
43.030034,START_SCAN
43.047284,END_SCAN
43.059428,START_SCAN
43.330436,END_SCAN
43.330508,START_SCAN
43.603334,END_SCAN
43.603418,START_SCAN
43.673187,END_SCAN
43.673281,START_SCAN
43.744888,END_SCAN
43.745004,START_SCAN
43.764214,END_SCAN
43.764295,START_SCAN
43.781887,END_SCAN
43.813307,START_SCAN
43.882788,END_SCAN
43.882880,START_SCAN
43.950263,END_SCAN
43.970254,START_SCAN
43.986666,END_SCAN
43.986739,START_SCAN
44.003161,END_SCAN
44.013417,START_SCAN
45.011974,END_SCAN
45.012062,START_SCAN
45.982760,END_SCAN
45.982930,START_SCAN
46.231277,END_SCAN
46.231371,START_SCAN
46.471838,END_SCAN
46.471932,START_SCAN
46.538085,END_SCAN
46.538165,START_SCAN
46.603178,END_SCAN
46.629350,START_SCAN
46.647095,END_SCAN
46.647149,START_SCAN
46.666857,END_SCAN
46.678559,START_SCAN
46.732025,END_SCAN
46.732110,START_SCAN
46.784152,END_SCAN
46.815549,START_SCAN
47.056704,END_SCAN
47.056781,START_SCAN
47.297872,END_SCAN
47.297990,START_SCAN
47.355979,END_SCAN
47.356071,START_SCAN
47.422063,END_SCAN
47.467592,START_SCAN
47.524659,END_SCAN
47.524774,START_SCAN
47.583655,END_SCAN
47.621287,START_SCAN
52.384022,END_SCAN
52.384127,START_SCAN
57.020451,END_SCAN
57.020719,START_SCAN
58.253970,END_SCAN
58.254063,START_SCAN
59.590517,END_SCAN
59.590729,START_SCAN
59.931484,END_SCAN
59.931601,START_SCAN
60.196736,END_SCAN
60.196889,START_SCAN
60.257850,END_SCAN
60.257936,START_SCAN
60.321360,END_SCAN
60.339879,START_SCAN
60.356764,END_SCAN
60.356867,START_SCAN
60.373343,END_SCAN
60.386447,START_SCAN
60.454681,END_SCAN
60.454774,START_SCAN
60.526775,END_SCAN
60.526902,START_SCAN
60.545763,END_SCAN
60.545855,START_SCAN
60.564040,END_SCAN
60.599449,START_SCAN
58.447862,END_SCAN
58.447971,START_SCAN
58.740046,END_SCAN
58.740179,START_SCAN
58.799133,END_SCAN
58.799219,START_SCAN
58.860065,END_SCAN
58.899264,START_SCAN
58.974838,END_SCAN
58.974944,START_SCAN
59.053085,END_SCAN
59.053194,START_SCAN
59.071024,END_SCAN
59.071093,START_SCAN
59.090107,END_SCAN
59.103190,START_SCAN
59.125961,END_SCAN
59.126096,START_SCAN
59.147638,END_SCAN
59.162019,START_SCAN
60.368280,END_SCAN
60.368378,START_SCAN
61.599898,END_SCAN
61.600103,START_SCAN
61.887058,END_SCAN
61.887157,START_SCAN
62.194091,END_SCAN
62.194210,START_SCAN
62.264886,END_SCAN
62.264959,START_SCAN
62.337826,END_SCAN
62.337934,START_SCAN
62.357151,END_SCAN
62.357276,START_SCAN
62.380014,END_SCAN
62.414964,START_SCAN
62.490532,END_SCAN
62.490676,START_SCAN
62.560244,END_SCAN
62.579848,START_SCAN
62.596325,END_SCAN
62.596409,START_SCAN
62.614812,END_SCAN
62.626518,START_SCAN
62.938925,END_SCAN
62.938995,START_SCAN
63.267779,END_SCAN
63.267935,START_SCAN
63.347955,END_SCAN
63.348076,START_SCAN
63.428985,END_SCAN
63.429140,START_SCAN
63.449332,END_SCAN
63.449440,START_SCAN
63.469962,END_SCAN
63.483990,START_SCAN
63.505122,END_SCAN
63.505230,START_SCAN
63.525069,END_SCAN
63.537828,START_SCAN
63.618688,END_SCAN
63.618778,START_SCAN
63.697577,END_SCAN
63.697688,START_SCAN
63.715980,END_SCAN
63.716067,START_SCAN
63.734341,END_SCAN
63.748276,START_SCAN
63.770167,END_SCAN
63.770254,START_SCAN
63.789002,END_SCAN
