=====================================================================================
Program: ./bin/lcs_oblivious
m = 32768, n = 32768
Runs = 1, base case = 256

RUN 1 RESULTS
Time:
  Wall time:               4.6233 seconds (0h 0m 5s)
  User time:               4.6232 seconds (0h 0m 5s)
  System time:             0.0003 seconds (0h 0m 0s)
  Total time:              4.6235 seconds (0h 0m 5s)
Process I/O:
  Characters read:                  93050
  Characters written:                 399
  Read syscalls:                       60
  Write syscalls:                      14
  Bytes read:                     1708032 (1.6 MB)
  Bytes written:                     4096 (0.0 MB)
Disk I/O (sdc swap):
  Read operations:                      0
  Read operations merged:               0
  Sectors read:                         0 (0.0 MB)
  Read time:                            0 ms
  Write operations:                     0
  Write operations merged:              0
  Sectors written:                      0 (0.0 MB)
  Write time:                           0 ms
  I/Os (sectors read/written):          0
Memory Usage:
  Total (virtual):             1332 pages (5.2 MB)
  Resident (RSS):               864 pages (3.4 MB)
  Shared:                       512 pages (2.0 MB)
  Text (code):                    4 pages (0.0 MB)
  Library:                        0 pages (0.0 MB)
  Data + stack:                 512 pages (2.0 MB)
  Dirty pages:                    0 pages (0.0 MB)
  Minor page faults:            321 (soft faults)
  Major page faults:              0 (hard faults)

FINAL RESULTS
LCS Length: 10627
Overall execution time:
  User time:               4.6232 seconds (0h 0m 5s)
  System time:             0.0003 seconds (0h 0m 0s)
  Total time:              4.6235 seconds (0h 0m 5s)
Average per run:
  User time:               4.6232 seconds (0h 0m 5s)
  System time:             0.0003 seconds (0h 0m 0s)
  Total time:              4.6235 seconds (0h 0m 5s)
=====================================================================================
Program: ./bin/lcs_oblivious
m = 65536, n = 65536
Runs = 1, base case = 256

RUN 1 RESULTS
Time:
  Wall time:               18.1131 seconds (0h 0m 18s)
  User time:               18.2976 seconds (0h 0m 18s)
  System time:             0.0069 seconds (0h 0m 0s)
  Total time:              18.3045 seconds (0h 0m 18s)
Process I/O:
  Characters read:                 158587
  Characters written:                 406
  Read syscalls:                       76
  Write syscalls:                      14
  Bytes read:                     2396160 (2.3 MB)
  Bytes written:                     8192 (0.0 MB)
Disk I/O (sdc swap):
  Read operations:                      0
  Read operations merged:               0
  Sectors read:                         0 (0.0 MB)
  Read time:                            0 ms
  Write operations:                     0
  Write operations merged:              0
  Sectors written:                      0 (0.0 MB)
  Write time:                           0 ms
  I/Os (sectors read/written):          0
Memory Usage:
  Total (virtual):             1732 pages (6.8 MB)
  Resident (RSS):              1152 pages (4.5 MB)
  Shared:                       512 pages (2.0 MB)
  Text (code):                    4 pages (0.0 MB)
  Library:                        0 pages (0.0 MB)
  Data + stack:                 912 pages (3.6 MB)
  Dirty pages:                    0 pages (0.0 MB)
  Minor page faults:            580 (soft faults)
  Major page faults:              0 (hard faults)

FINAL RESULTS
LCS Length: 21269
Overall execution time:
  User time:               18.2976 seconds (0h 0m 18s)
  System time:             0.0069 seconds (0h 0m 0s)
  Total time:              18.3045 seconds (0h 0m 18s)
Average per run:
  User time:               18.2976 seconds (0h 0m 18s)
  System time:             0.0069 seconds (0h 0m 0s)
  Total time:              18.3045 seconds (0h 0m 18s)
=====================================================================================
Program: ./bin/lcs_oblivious
m = 131072, n = 131072
Runs = 1, base case = 256

RUN 1 RESULTS
Time:
  Wall time:               71.7249 seconds (0h 1m 12s)
  User time:               71.5738 seconds (0h 1m 12s)
  System time:             0.0283 seconds (0h 0m 0s)
  Total time:              71.6021 seconds (0h 1m 12s)
Process I/O:
  Characters read:                 289665
  Characters written:                 408
  Read syscalls:                      108
  Write syscalls:                      14
  Bytes read:                     3956736 (3.8 MB)
  Bytes written:                    12288 (0.0 MB)
Disk I/O (sdc swap):
  Read operations:                     62
  Read operations merged:             274
  Sectors read:                      2688 (1.3 MB)
  Read time:                          126 ms
  Write operations:                    13
  Write operations merged:            762
  Sectors written:                   6200 (3.0 MB)
  Write time:                          42 ms
  I/Os (sectors read/written):       8888
Memory Usage:
  Total (virtual):             2487 pages (9.7 MB)
  Resident (RSS):              1376 pages (5.4 MB)
  Shared:                       512 pages (2.0 MB)
  Text (code):                    4 pages (0.0 MB)
  Library:                        0 pages (0.0 MB)
  Data + stack:                1667 pages (6.5 MB)
  Dirty pages:                    0 pages (0.0 MB)
  Minor page faults:           1592 (soft faults)
  Major page faults:              2 (hard faults)

FINAL RESULTS
LCS Length: 42705
Overall execution time:
  User time:               71.5738 seconds (0h 1m 12s)
  System time:             0.0283 seconds (0h 0m 0s)
  Total time:              71.6021 seconds (0h 1m 12s)
Average per run:
  User time:               71.5738 seconds (0h 1m 12s)
  System time:             0.0283 seconds (0h 0m 0s)
  Total time:              71.6021 seconds (0h 1m 12s)
