=====================================================================================
Program: bin/lcs_hirschberg
m = 32768, n = 32768
Runs = 1, base case = 2048

RUN 1 RESULTS
Time:
  Wall time:               24.4727 seconds (0h 0m 24s)
  User time:               12.2018 seconds (0h 0m 12s)
  System time:             2.5491 seconds (0h 0m 3s)
  Total time:              14.7509 seconds (0h 0m 15s)
Process I/O:
  Characters read:                  92872
  Characters written:                 405
  Read syscalls:                       60
  Write syscalls:                      14
  Bytes read:                   462782464 (441.3 MB)
  Bytes written:                     8192 (0.0 MB)
Disk I/O (sdc swap):
  Read operations:                  40447
  Read operations merged:           71986
  Sectors read:                    899464 (439.2 MB)
  Read time:                        10014 ms
  Write operations:                 20414
  Write operations merged:          75162
  Sectors written:                 764608 (373.3 MB)
  Write time:                       43700 ms
  I/Os (sectors read/written):    1664072
Memory Usage:
  Total (virtual):             5183 pages (20.2 MB)
  Resident (RSS):              1536 pages (6.0 MB)
  Shared:                       544 pages (2.1 MB)
  Text (code):                    5 pages (0.0 MB)
  Library:                        0 pages (0.0 MB)
  Data + stack:                4364 pages (17.0 MB)
  Dirty pages:                    0 pages (0.0 MB)
  Minor page faults:         135060 (soft faults)
  Major page faults:            175 (hard faults)

FINAL RESULTS
LCS Length: 10627
Overall execution time:
  User time:               12.2018 seconds (0h 0m 12s)
  System time:             2.5491 seconds (0h 0m 3s)
  Total time:              14.7509 seconds (0h 0m 15s)
Average per run:
  User time:               12.2018 seconds (0h 0m 12s)
  System time:             2.5491 seconds (0h 0m 3s)
  Total time:              14.7509 seconds (0h 0m 15s)
=====================================================================================
Program: bin/lcs_hirschberg
m = 65536, n = 65536
Runs = 1, base case = 2048

RUN 1 RESULTS
Time:
  Wall time:               65.8687 seconds (0h 1m 6s)
  User time:               47.2074 seconds (0h 0m 47s)
  System time:             4.3622 seconds (0h 0m 4s)
  Total time:              51.5696 seconds (0h 0m 52s)
Process I/O:
  Characters read:                 158450
  Characters written:                 404
  Read syscalls:                       76
  Write syscalls:                      14
  Bytes read:                   960696320 (916.2 MB)
  Bytes written:                     8192 (0.0 MB)
Disk I/O (sdc swap):
  Read operations:                  79422
  Read operations merged:          154382
  Sectors read:                   1870432 (913.3 MB)
  Read time:                        17822 ms
  Write operations:                 36899
  Write operations merged:         154457
  Sectors written:                1530848 (747.5 MB)
  Write time:                       86716 ms
  I/Os (sectors read/written):    3401280
Memory Usage:
  Total (virtual):             5352 pages (20.9 MB)
  Resident (RSS):              1472 pages (5.8 MB)
  Shared:                       512 pages (2.0 MB)
  Text (code):                    5 pages (0.0 MB)
  Library:                        0 pages (0.0 MB)
  Data + stack:                4533 pages (17.7 MB)
  Dirty pages:                    0 pages (0.0 MB)
  Minor page faults:         268691 (soft faults)
  Major page faults:            379 (hard faults)

FINAL RESULTS
LCS Length: 21269
Overall execution time:
  User time:               47.2074 seconds (0h 0m 47s)
  System time:             4.3622 seconds (0h 0m 4s)
  Total time:              51.5696 seconds (0h 0m 52s)
Average per run:
  User time:               47.2074 seconds (0h 0m 47s)
  System time:             4.3622 seconds (0h 0m 4s)
  Total time:              51.5696 seconds (0h 0m 52s)
=====================================================================================
Program: bin/lcs_hirschberg
m = 131072, n = 131072
Runs = 1, base case = 2048

RUN 1 RESULTS
Time:
  Wall time:               247.9755 seconds (0h 4m 8s)
  User time:               201.1856 seconds (0h 3m 21s)
  System time:             11.3295 seconds (0h 0m 11s)
  Total time:              212.5150 seconds (0h 3m 33s)
Process I/O:
  Characters read:                 289526
  Characters written:                 411
  Read syscalls:                      108
  Write syscalls:                      14
  Bytes read:                  1889497088 (1802.0 MB)
  Bytes written:                    12288 (0.0 MB)
Disk I/O (sdc swap):
  Read operations:                 162560
  Read operations merged:          297842
  Sectors read:                   3683216 (1798.4 MB)
  Read time:                        43686 ms
  Write operations:                 83650
  Write operations merged:         299217
  Sectors written:                3062936 (1495.6 MB)
  Write time:                      235737 ms
  I/Os (sectors read/written):    6746152
Memory Usage:
  Total (virtual):             5692 pages (22.2 MB)
  Resident (RSS):              1248 pages (4.9 MB)
  Shared:                       544 pages (2.1 MB)
  Text (code):                    5 pages (0.0 MB)
  Library:                        0 pages (0.0 MB)
  Data + stack:                4873 pages (19.0 MB)
  Dirty pages:                    0 pages (0.0 MB)
  Minor page faults:         543515 (soft faults)
  Major page faults:            750 (hard faults)

FINAL RESULTS
LCS Length: 42705
Overall execution time:
  User time:               201.1856 seconds (0h 3m 21s)
  System time:             11.3295 seconds (0h 0m 11s)
  Total time:              212.5150 seconds (0h 3m 33s)
Average per run:
  User time:               201.1856 seconds (0h 3m 21s)
  System time:             11.3295 seconds (0h 0m 11s)
  Total time:              212.5150 seconds (0h 3m 33s)
=====================================================================================
Program: bin/lcs_hirschberg
m = 262144, n = 262144
Runs = 1, base case = 2048

RUN 1 RESULTS
Time:
  Wall time:               914.0038 seconds (0h 15m 14s)
  User time:               816.6337 seconds (0h 13m 37s)
  System time:             23.1305 seconds (0h 0m 23s)
  Total time:              839.7642 seconds (0h 14m 0s)
Process I/O:
  Characters read:                 551679
  Characters written:                 414
  Read syscalls:                      172
  Write syscalls:                      14
  Bytes read:                  3893108736 (3712.8 MB)
  Bytes written:                     8192 (0.0 MB)
Disk I/O (sdc swap):
  Read operations:                 347766
  Read operations merged:          601493
  Sectors read:                   7594072 (3708.0 MB)
  Read time:                        94563 ms
  Write operations:                156894
  Write operations merged:         612811
  Sectors written:                6157472 (3006.6 MB)
  Write time:                      445504 ms
  I/Os (sectors read/written):   13751544
Memory Usage:
  Total (virtual):             6364 pages (24.9 MB)
  Resident (RSS):              1376 pages (5.4 MB)
  Shared:                       544 pages (2.1 MB)
  Text (code):                    5 pages (0.0 MB)
  Library:                        0 pages (0.0 MB)
  Data + stack:                5545 pages (21.7 MB)
  Dirty pages:                    0 pages (0.0 MB)
  Minor page faults:        1080607 (soft faults)
  Major page faults:           1506 (hard faults)

FINAL RESULTS
LCS Length: 85403
Overall execution time:
  User time:               816.6337 seconds (0h 13m 37s)
  System time:             23.1305 seconds (0h 0m 23s)
  Total time:              839.7642 seconds (0h 14m 0s)
Average per run:
  User time:               816.6337 seconds (0h 13m 37s)
  System time:             23.1305 seconds (0h 0m 23s)
  Total time:              839.7642 seconds (0h 14m 0s)